This is pdfTeX, Version 3.141592653-2.6-1.40.25 (TeX Live 2023/Debian) (preloaded format=pdflatex 2024.6.7)  9 JUL 2026 14:39
entering extended mode
 restricted \write18 enabled.
 %&-line parsing enabled.
**thesis.tex
(./thesis.tex
LaTeX2e <2023-11-01> patch level 1
L3 programming layer <2024-01-22>
(/usr/share/texlive/texmf-dist/tex/latex/base/report.cls
Document Class: report 2023/05/17 v1.4n Standard LaTeX document class
(/usr/share/texlive/texmf-dist/tex/latex/base/size12.clo
File: size12.clo 2023/05/17 v1.4n Standard LaTeX file (size option)
)
\c@part=\count187
\c@chapter=\count188
\c@section=\count189
\c@subsection=\count190
\c@subsubsection=\count191
\c@paragraph=\count192
\c@subparagraph=\count193
\c@figure=\count194
\c@table=\count195
\abovecaptionskip=\skip48
\belowcaptionskip=\skip49
\bibindent=\dimen140
)
(/usr/share/texlive/texmf-dist/tex/latex/appendix/appendix.sty
Package: appendix 2020/02/08 v1.2c extra appendix facilities
\c@@pps=\count196
\c@@ppsavesec=\count197
\c@@ppsaveapp=\count198
)
(/usr/share/texlive/texmf-dist/tex/latex/geometry/geometry.sty
Package: geometry 2020/01/02 v5.9 Page Geometry

(/usr/share/texlive/texmf-dist/tex/latex/graphics/keyval.sty
Package: keyval 2022/05/29 v1.15 key=value parser (DPC)
\KV@toks@=\toks17
)
(/usr/share/texlive/texmf-dist/tex/generic/iftex/ifvtex.sty
Package: ifvtex 2019/10/25 v1.7 ifvtex legacy package. Use iftex instead.

(/usr/share/texlive/texmf-dist/tex/generic/iftex/iftex.sty
Package: iftex 2022/02/03 v1.0f TeX engine tests
))
\Gm@cnth=\count199
\Gm@cntv=\count266
\c@Gm@tempcnt=\count267
\Gm@bindingoffset=\dimen141
\Gm@wd@mp=\dimen142
\Gm@odd@mp=\dimen143
\Gm@even@mp=\dimen144
\Gm@layoutwidth=\dimen145
\Gm@layoutheight=\dimen146
\Gm@layouthoffset=\dimen147
\Gm@layoutvoffset=\dimen148
\Gm@dimlist=\toks18
)
(/usr/share/texlive/texmf-dist/tex/latex/comment/comment.sty
\CommentStream=\write3

Excluding comment 'comment')
(/usr/share/texlive/texmf-dist/tex/latex/preprint/authblk.sty
Package: authblk 2001/02/27 1.3 (PWD)
\affilsep=\skip50
\@affilsep=\skip51
\c@Maxaffil=\count268
\c@authors=\count269
\c@affil=\count270
)
(/usr/share/texlive/texmf-dist/tex/latex/lineno/lineno.sty
Package: lineno 2023/05/20 line numbers on paragraphs v5.3

(/usr/share/texlive/texmf-dist/tex/latex/etoolbox/etoolbox.sty
Package: etoolbox 2020/10/05 v2.5k e-TeX tools for LaTeX (JAW)
\etb@tempcnta=\count271
)
(/usr/share/texlive/texmf-dist/tex/latex/kvoptions/kvoptions.sty
Package: kvoptions 2022-06-15 v3.15 Key value format for package options (HO)

(/usr/share/texlive/texmf-dist/tex/generic/ltxcmds/ltxcmds.sty
Package: ltxcmds 2023-12-04 v1.26 LaTeX kernel commands for general use (HO)
)
(/usr/share/texlive/texmf-dist/tex/latex/kvsetkeys/kvsetkeys.sty
Package: kvsetkeys 2022-10-05 v1.19 Key value parser (HO)
))
\linenopenalty=\count272
\output=\toks19
\linenoprevgraf=\count273
\linenumbersep=\dimen149
\linenumberwidth=\dimen150
\c@linenumber=\count274
\c@pagewiselinenumber=\count275
\c@LN@truepage=\count276
\c@internallinenumber=\count277
\c@internallinenumbers=\count278
\quotelinenumbersep=\dimen151
\bframerule=\dimen152
\bframesep=\dimen153
\bframebox=\box51
LaTeX Info: Redefining \\ on input line 3180.
)
(/usr/share/texlive/texmf-dist/tex/latex/graphics/color.sty
Package: color 2022/01/06 v1.3d Standard LaTeX Color (DPC)

(/usr/share/texlive/texmf-dist/tex/latex/graphics-cfg/color.cfg
File: color.cfg 2016/01/02 v1.6 sample color configuration
)
Package color Info: Driver file: pdftex.def on input line 149.

(/usr/share/texlive/texmf-dist/tex/latex/graphics-def/pdftex.def
File: pdftex.def 2022/09/22 v1.2b Graphics/color driver for pdftex
)
(/usr/share/texlive/texmf-dist/tex/latex/graphics/mathcolor.ltx))
(/usr/share/texlive/texmf-dist/tex/latex/graphics/lscape.sty
Package: lscape 2020/05/28 v3.02 Landscape Pages (DPC)

(/usr/share/texlive/texmf-dist/tex/latex/graphics/graphics.sty
Package: graphics 2022/03/10 v1.4e Standard LaTeX Graphics (DPC,SPQR)

(/usr/share/texlive/texmf-dist/tex/latex/graphics/trig.sty
Package: trig 2021/08/11 v1.11 sin cos tan (DPC)
)
(/usr/share/texlive/texmf-dist/tex/latex/graphics-cfg/graphics.cfg
File: graphics.cfg 2016/06/04 v1.11 sample graphics configuration
)
Package graphics Info: Driver file: pdftex.def on input line 107.
))
(/usr/share/texlive/texmf-dist/tex/latex/url/url.sty
\Urlmuskip=\muskip16
Package: url 2013/09/16  ver 3.4  Verb mode for urls, etc.
)
(/usr/share/texlive/texmf-dist/tex/latex/sectsty/sectsty.sty
Package: sectsty 2002/02/25 v2.0.2 Commands to change all sectional heading sty
les


LaTeX Warning: Command \underbar  has changed.
               Check if current package is valid.


LaTeX Warning: Command \underline  has changed.
               Check if current package is valid.

) (/usr/share/texlive/texmf-dist/tex/latex/csquotes/csquotes.sty
Package: csquotes 2022-09-14 v5.2n context-sensitive quotations (JAW)
\csq@reset=\count279
\csq@gtype=\count280
\csq@glevel=\count281
\csq@qlevel=\count282
\csq@maxlvl=\count283
\csq@tshold=\count284
\csq@ltx@everypar=\toks20

(/usr/share/texlive/texmf-dist/tex/latex/csquotes/csquotes.def
File: csquotes.def 2022-09-14 v5.2n csquotes generic definitions (JAW)
)
Package csquotes Info: Trying to load configuration file 'csquotes.cfg'...
Package csquotes Info: ... configuration file loaded successfully.

(/usr/share/texlive/texmf-dist/tex/latex/csquotes/csquotes.cfg
File: csquotes.cfg 
)
Package csquotes Info: Enabling multilingual quotes.
)
(/usr/share/texlive/texmf-dist/tex/latex/amsmath/amsmath.sty
Package: amsmath 2023/05/13 v2.17o AMS math features
\@mathmargin=\skip52

For additional information on amsmath, use the `?' option.
(/usr/share/texlive/texmf-dist/tex/latex/amsmath/amstext.sty
Package: amstext 2021/08/26 v2.01 AMS text

(/usr/share/texlive/texmf-dist/tex/latex/amsmath/amsgen.sty
File: amsgen.sty 1999/11/30 v2.0 generic functions
\@emptytoks=\toks21
\ex@=\dimen154
))
(/usr/share/texlive/texmf-dist/tex/latex/amsmath/amsbsy.sty
Package: amsbsy 1999/11/29 v1.2d Bold Symbols
\pmbraise@=\dimen155
)
(/usr/share/texlive/texmf-dist/tex/latex/amsmath/amsopn.sty
Package: amsopn 2022/04/08 v2.04 operator names
)
\inf@bad=\count285
LaTeX Info: Redefining \frac on input line 234.
\uproot@=\count286
\leftroot@=\count287
LaTeX Info: Redefining \overline on input line 399.
LaTeX Info: Redefining \colon on input line 410.
\classnum@=\count288
\DOTSCASE@=\count289
LaTeX Info: Redefining \ldots on input line 496.
LaTeX Info: Redefining \dots on input line 499.
LaTeX Info: Redefining \cdots on input line 620.
\Mathstrutbox@=\box52
\strutbox@=\box53
LaTeX Info: Redefining \big on input line 722.
LaTeX Info: Redefining \Big on input line 723.
LaTeX Info: Redefining \bigg on input line 724.
LaTeX Info: Redefining \Bigg on input line 725.
\big@size=\dimen156
LaTeX Font Info:    Redeclaring font encoding OML on input line 743.
LaTeX Font Info:    Redeclaring font encoding OMS on input line 744.
\macc@depth=\count290
LaTeX Info: Redefining \bmod on input line 905.
LaTeX Info: Redefining \pmod on input line 910.
LaTeX Info: Redefining \smash on input line 940.
LaTeX Info: Redefining \relbar on input line 970.
LaTeX Info: Redefining \Relbar on input line 971.
\c@MaxMatrixCols=\count291
\dotsspace@=\muskip17
\c@parentequation=\count292
\dspbrk@lvl=\count293
\tag@help=\toks22
\row@=\count294
\column@=\count295
\maxfields@=\count296
\andhelp@=\toks23
\eqnshift@=\dimen157
\alignsep@=\dimen158
\tagshift@=\dimen159
\tagwidth@=\dimen160
\totwidth@=\dimen161
\lineht@=\dimen162
\@envbody=\toks24
\multlinegap=\skip53
\multlinetaggap=\skip54
\mathdisplay@stack=\toks25
LaTeX Info: Redefining \[ on input line 2953.
LaTeX Info: Redefining \] on input line 2954.
)
\linenoamsmath@ams@eqpen=\count297

(/usr/share/texlive/texmf-dist/tex/latex/jknapltx/mathrsfs.sty
Package: mathrsfs 1996/01/01 Math RSFS package v1.0 (jk)
\symrsfs=\mathgroup4
)
(/usr/share/texlive/texmf-dist/tex/latex/wasysym/wasysym.sty
Package: wasysym 2020/01/19 v2.4 Wasy-2 symbol support package
\symwasy=\mathgroup5
LaTeX Font Info:    Overwriting symbol font `wasy' in version `bold'
(Font)                  U/wasy/m/n --> U/wasy/b/n on input line 93.
)
(/usr/share/texlive/texmf-dist/tex/latex/carlisle/slashed.sty
Package: slashed 1997/01/16 v0.01 Feynman Slashed Character Notation (DPC)
)
(/usr/share/texlive/texmf-dist/tex/latex/pgf/frontendlayer/tikz.sty
(/usr/share/texlive/texmf-dist/tex/latex/pgf/basiclayer/pgf.sty
(/usr/share/texlive/texmf-dist/tex/latex/pgf/utilities/pgfrcs.sty
(/usr/share/texlive/texmf-dist/tex/generic/pgf/utilities/pgfutil-common.tex
\pgfutil@everybye=\toks26
\pgfutil@tempdima=\dimen163
\pgfutil@tempdimb=\dimen164
)
(/usr/share/texlive/texmf-dist/tex/generic/pgf/utilities/pgfutil-latex.def
\pgfutil@abb=\box54
)
(/usr/share/texlive/texmf-dist/tex/generic/pgf/utilities/pgfrcs.code.tex
(/usr/share/texlive/texmf-dist/tex/generic/pgf/pgf.revision.tex)
Package: pgfrcs 2023-01-15 v3.1.10 (3.1.10)
))
Package: pgf 2023-01-15 v3.1.10 (3.1.10)

(/usr/share/texlive/texmf-dist/tex/latex/pgf/basiclayer/pgfcore.sty
(/usr/share/texlive/texmf-dist/tex/latex/graphics/graphicx.sty
Package: graphicx 2021/09/16 v1.2d Enhanced LaTeX Graphics (DPC,SPQR)
\Gin@req@height=\dimen165
\Gin@req@width=\dimen166
)
(/usr/share/texlive/texmf-dist/tex/latex/pgf/systemlayer/pgfsys.sty
(/usr/share/texlive/texmf-dist/tex/generic/pgf/systemlayer/pgfsys.code.tex
Package: pgfsys 2023-01-15 v3.1.10 (3.1.10)

(/usr/share/texlive/texmf-dist/tex/generic/pgf/utilities/pgfkeys.code.tex
\pgfkeys@pathtoks=\toks27
\pgfkeys@temptoks=\toks28

(/usr/share/texlive/texmf-dist/tex/generic/pgf/utilities/pgfkeyslibraryfiltered
.code.tex
\pgfkeys@tmptoks=\toks29
))
\pgf@x=\dimen167
\pgf@y=\dimen168
\pgf@xa=\dimen169
\pgf@ya=\dimen170
\pgf@xb=\dimen171
\pgf@yb=\dimen172
\pgf@xc=\dimen173
\pgf@yc=\dimen174
\pgf@xd=\dimen175
\pgf@yd=\dimen176
\w@pgf@writea=\write4
\r@pgf@reada=\read2
\c@pgf@counta=\count298
\c@pgf@countb=\count299
\c@pgf@countc=\count300
\c@pgf@countd=\count301
\t@pgf@toka=\toks30
\t@pgf@tokb=\toks31
\t@pgf@tokc=\toks32
\pgf@sys@id@count=\count302
 (/usr/share/texlive/texmf-dist/tex/generic/pgf/systemlayer/pgf.cfg
File: pgf.cfg 2023-01-15 v3.1.10 (3.1.10)
)
Driver file for pgf: pgfsys-pdftex.def
(/usr/share/texlive/texmf-dist/tex/generic/pgf/systemlayer/pgfsys-pdftex.def
File: pgfsys-pdftex.def 2023-01-15 v3.1.10 (3.1.10)

(/usr/share/texlive/texmf-dist/tex/generic/pgf/systemlayer/pgfsys-common-pdf.de
f
File: pgfsys-common-pdf.def 2023-01-15 v3.1.10 (3.1.10)
)))
(/usr/share/texlive/texmf-dist/tex/generic/pgf/systemlayer/pgfsyssoftpath.code.
tex
File: pgfsyssoftpath.code.tex 2023-01-15 v3.1.10 (3.1.10)
\pgfsyssoftpath@smallbuffer@items=\count303
\pgfsyssoftpath@bigbuffer@items=\count304
)
(/usr/share/texlive/texmf-dist/tex/generic/pgf/systemlayer/pgfsysprotocol.code.
tex
File: pgfsysprotocol.code.tex 2023-01-15 v3.1.10 (3.1.10)
)) (/usr/share/texlive/texmf-dist/tex/latex/xcolor/xcolor.sty
Package: xcolor 2023/11/15 v3.01 LaTeX color extensions (UK)

(/usr/share/texlive/texmf-dist/tex/latex/graphics-cfg/color.cfg
File: color.cfg 2016/01/02 v1.6 sample color configuration
)
Package xcolor Info: Driver file: pdftex.def on input line 274.
LaTeX Info: Redefining \color on input line 758.

(/usr/share/texlive/texmf-dist/tex/latex/graphics/mathcolor.ltx)
Package xcolor Info: Model `cmy' substituted by `cmy0' on input line 1350.
Package xcolor Info: Model `hsb' substituted by `rgb' on input line 1354.
Package xcolor Info: Model `RGB' extended on input line 1366.
Package xcolor Info: Model `HTML' substituted by `rgb' on input line 1368.
Package xcolor Info: Model `Hsb' substituted by `hsb' on input line 1369.
Package xcolor Info: Model `tHsb' substituted by `hsb' on input line 1370.
Package xcolor Info: Model `HSB' substituted by `hsb' on input line 1371.
Package xcolor Info: Model `Gray' substituted by `gray' on input line 1372.
Package xcolor Info: Model `wave' substituted by `hsb' on input line 1373.
)
(/usr/share/texlive/texmf-dist/tex/generic/pgf/basiclayer/pgfcore.code.tex
Package: pgfcore 2023-01-15 v3.1.10 (3.1.10)

(/usr/share/texlive/texmf-dist/tex/generic/pgf/math/pgfmath.code.tex
(/usr/share/texlive/texmf-dist/tex/generic/pgf/math/pgfmathutil.code.tex)
(/usr/share/texlive/texmf-dist/tex/generic/pgf/math/pgfmathparser.code.tex
\pgfmath@dimen=\dimen177
\pgfmath@count=\count305
\pgfmath@box=\box55
\pgfmath@toks=\toks33
\pgfmath@stack@operand=\toks34
\pgfmath@stack@operation=\toks35
)
(/usr/share/texlive/texmf-dist/tex/generic/pgf/math/pgfmathfunctions.code.tex)
(/usr/share/texlive/texmf-dist/tex/generic/pgf/math/pgfmathfunctions.basic.code
.tex)
(/usr/share/texlive/texmf-dist/tex/generic/pgf/math/pgfmathfunctions.trigonomet
ric.code.tex)
(/usr/share/texlive/texmf-dist/tex/generic/pgf/math/pgfmathfunctions.random.cod
e.tex)
(/usr/share/texlive/texmf-dist/tex/generic/pgf/math/pgfmathfunctions.comparison
.code.tex)
(/usr/share/texlive/texmf-dist/tex/generic/pgf/math/pgfmathfunctions.base.code.
tex)
(/usr/share/texlive/texmf-dist/tex/generic/pgf/math/pgfmathfunctions.round.code
.tex)
(/usr/share/texlive/texmf-dist/tex/generic/pgf/math/pgfmathfunctions.misc.code.
tex)
(/usr/share/texlive/texmf-dist/tex/generic/pgf/math/pgfmathfunctions.integerari
thmetics.code.tex)
(/usr/share/texlive/texmf-dist/tex/generic/pgf/math/pgfmathcalc.code.tex)
(/usr/share/texlive/texmf-dist/tex/generic/pgf/math/pgfmathfloat.code.tex
\c@pgfmathroundto@lastzeros=\count306
))
(/usr/share/texlive/texmf-dist/tex/generic/pgf/math/pgfint.code.tex)
(/usr/share/texlive/texmf-dist/tex/generic/pgf/basiclayer/pgfcorepoints.code.te
x
File: pgfcorepoints.code.tex 2023-01-15 v3.1.10 (3.1.10)
\pgf@picminx=\dimen178
\pgf@picmaxx=\dimen179
\pgf@picminy=\dimen180
\pgf@picmaxy=\dimen181
\pgf@pathminx=\dimen182
\pgf@pathmaxx=\dimen183
\pgf@pathminy=\dimen184
\pgf@pathmaxy=\dimen185
\pgf@xx=\dimen186
\pgf@xy=\dimen187
\pgf@yx=\dimen188
\pgf@yy=\dimen189
\pgf@zx=\dimen190
\pgf@zy=\dimen191
)
(/usr/share/texlive/texmf-dist/tex/generic/pgf/basiclayer/pgfcorepathconstruct.
code.tex
File: pgfcorepathconstruct.code.tex 2023-01-15 v3.1.10 (3.1.10)
\pgf@path@lastx=\dimen192
\pgf@path@lasty=\dimen193
)
(/usr/share/texlive/texmf-dist/tex/generic/pgf/basiclayer/pgfcorepathusage.code
.tex
File: pgfcorepathusage.code.tex 2023-01-15 v3.1.10 (3.1.10)
\pgf@shorten@end@additional=\dimen194
\pgf@shorten@start@additional=\dimen195
)
(/usr/share/texlive/texmf-dist/tex/generic/pgf/basiclayer/pgfcorescopes.code.te
x
File: pgfcorescopes.code.tex 2023-01-15 v3.1.10 (3.1.10)
\pgfpic=\box56
\pgf@hbox=\box57
\pgf@layerbox@main=\box58
\pgf@picture@serial@count=\count307
)
(/usr/share/texlive/texmf-dist/tex/generic/pgf/basiclayer/pgfcoregraphicstate.c
ode.tex
File: pgfcoregraphicstate.code.tex 2023-01-15 v3.1.10 (3.1.10)
\pgflinewidth=\dimen196
)
(/usr/share/texlive/texmf-dist/tex/generic/pgf/basiclayer/pgfcoretransformation
s.code.tex
File: pgfcoretransformations.code.tex 2023-01-15 v3.1.10 (3.1.10)
\pgf@pt@x=\dimen197
\pgf@pt@y=\dimen198
\pgf@pt@temp=\dimen199
)
(/usr/share/texlive/texmf-dist/tex/generic/pgf/basiclayer/pgfcorequick.code.tex
File: pgfcorequick.code.tex 2023-01-15 v3.1.10 (3.1.10)
)
(/usr/share/texlive/texmf-dist/tex/generic/pgf/basiclayer/pgfcoreobjects.code.t
ex
File: pgfcoreobjects.code.tex 2023-01-15 v3.1.10 (3.1.10)
)
(/usr/share/texlive/texmf-dist/tex/generic/pgf/basiclayer/pgfcorepathprocessing
.code.tex
File: pgfcorepathprocessing.code.tex 2023-01-15 v3.1.10 (3.1.10)
)
(/usr/share/texlive/texmf-dist/tex/generic/pgf/basiclayer/pgfcorearrows.code.te
x
File: pgfcorearrows.code.tex 2023-01-15 v3.1.10 (3.1.10)
\pgfarrowsep=\dimen256
)
(/usr/share/texlive/texmf-dist/tex/generic/pgf/basiclayer/pgfcoreshade.code.tex
File: pgfcoreshade.code.tex 2023-01-15 v3.1.10 (3.1.10)
\pgf@max=\dimen257
\pgf@sys@shading@range@num=\count308
\pgf@shadingcount=\count309
)
(/usr/share/texlive/texmf-dist/tex/generic/pgf/basiclayer/pgfcoreimage.code.tex
File: pgfcoreimage.code.tex 2023-01-15 v3.1.10 (3.1.10)
)
(/usr/share/texlive/texmf-dist/tex/generic/pgf/basiclayer/pgfcoreexternal.code.
tex
File: pgfcoreexternal.code.tex 2023-01-15 v3.1.10 (3.1.10)
\pgfexternal@startupbox=\box59
)
(/usr/share/texlive/texmf-dist/tex/generic/pgf/basiclayer/pgfcorelayers.code.te
x
File: pgfcorelayers.code.tex 2023-01-15 v3.1.10 (3.1.10)
)
(/usr/share/texlive/texmf-dist/tex/generic/pgf/basiclayer/pgfcoretransparency.c
ode.tex
File: pgfcoretransparency.code.tex 2023-01-15 v3.1.10 (3.1.10)
)
(/usr/share/texlive/texmf-dist/tex/generic/pgf/basiclayer/pgfcorepatterns.code.
tex
File: pgfcorepatterns.code.tex 2023-01-15 v3.1.10 (3.1.10)
)
(/usr/share/texlive/texmf-dist/tex/generic/pgf/basiclayer/pgfcorerdf.code.tex
File: pgfcorerdf.code.tex 2023-01-15 v3.1.10 (3.1.10)
)))
(/usr/share/texlive/texmf-dist/tex/generic/pgf/modules/pgfmoduleshapes.code.tex
File: pgfmoduleshapes.code.tex 2023-01-15 v3.1.10 (3.1.10)
\pgfnodeparttextbox=\box60
) (/usr/share/texlive/texmf-dist/tex/generic/pgf/modules/pgfmoduleplot.code.tex
File: pgfmoduleplot.code.tex 2023-01-15 v3.1.10 (3.1.10)
)
(/usr/share/texlive/texmf-dist/tex/latex/pgf/compatibility/pgfcomp-version-0-65
.sty
Package: pgfcomp-version-0-65 2023-01-15 v3.1.10 (3.1.10)
\pgf@nodesepstart=\dimen258
\pgf@nodesepend=\dimen259
)
(/usr/share/texlive/texmf-dist/tex/latex/pgf/compatibility/pgfcomp-version-1-18
.sty
Package: pgfcomp-version-1-18 2023-01-15 v3.1.10 (3.1.10)
)) (/usr/share/texlive/texmf-dist/tex/latex/pgf/utilities/pgffor.sty
(/usr/share/texlive/texmf-dist/tex/latex/pgf/utilities/pgfkeys.sty
(/usr/share/texlive/texmf-dist/tex/generic/pgf/utilities/pgfkeys.code.tex))
(/usr/share/texlive/texmf-dist/tex/latex/pgf/math/pgfmath.sty
(/usr/share/texlive/texmf-dist/tex/generic/pgf/math/pgfmath.code.tex))
(/usr/share/texlive/texmf-dist/tex/generic/pgf/utilities/pgffor.code.tex
Package: pgffor 2023-01-15 v3.1.10 (3.1.10)
\pgffor@iter=\dimen260
\pgffor@skip=\dimen261
\pgffor@stack=\toks36
\pgffor@toks=\toks37
))
(/usr/share/texlive/texmf-dist/tex/generic/pgf/frontendlayer/tikz/tikz.code.tex
Package: tikz 2023-01-15 v3.1.10 (3.1.10)

(/usr/share/texlive/texmf-dist/tex/generic/pgf/libraries/pgflibraryplothandlers
.code.tex
File: pgflibraryplothandlers.code.tex 2023-01-15 v3.1.10 (3.1.10)
\pgf@plot@mark@count=\count310
\pgfplotmarksize=\dimen262
)
\tikz@lastx=\dimen263
\tikz@lasty=\dimen264
\tikz@lastxsaved=\dimen265
\tikz@lastysaved=\dimen266
\tikz@lastmovetox=\dimen267
\tikz@lastmovetoy=\dimen268
\tikzleveldistance=\dimen269
\tikzsiblingdistance=\dimen270
\tikz@figbox=\box61
\tikz@figbox@bg=\box62
\tikz@tempbox=\box63
\tikz@tempbox@bg=\box64
\tikztreelevel=\count311
\tikznumberofchildren=\count312
\tikznumberofcurrentchild=\count313
\tikz@fig@count=\count314

(/usr/share/texlive/texmf-dist/tex/generic/pgf/modules/pgfmodulematrix.code.tex
File: pgfmodulematrix.code.tex 2023-01-15 v3.1.10 (3.1.10)
\pgfmatrixcurrentrow=\count315
\pgfmatrixcurrentcolumn=\count316
\pgf@matrix@numberofcolumns=\count317
)
\tikz@expandcount=\count318

(/usr/share/texlive/texmf-dist/tex/generic/pgf/frontendlayer/tikz/libraries/tik
zlibrarytopaths.code.tex
File: tikzlibrarytopaths.code.tex 2023-01-15 v3.1.10 (3.1.10)
)))
(/usr/share/texlive/texmf-dist/tex/latex/doublestroke/dsfont.sty
Package: dsfont 1995/08/01 v0.1 Double stroke roman fonts
)
(/usr/share/texlive/texmf-dist/tex/latex/enumitem/enumitem.sty
Package: enumitem 2019/06/20 v3.9 Customized lists
\labelindent=\skip55
\enit@outerparindent=\dimen271
\enit@toks=\toks38
\enit@inbox=\box65
\enit@count@id=\count319
\enitdp@description=\count320
)
(/usr/share/texlive/texmf-dist/tex/latex/graphics/dvipsnam.def
File: dvipsnam.def 2016/06/17 v3.0m Driver-dependent file (DPC,SPQR)
)
(/usr/share/texlive/texmf-dist/tex/latex/caption/caption.sty
Package: caption 2023/08/05 v3.6o Customizing captions (AR)

(/usr/share/texlive/texmf-dist/tex/latex/caption/caption3.sty
Package: caption3 2023/07/31 v2.4d caption3 kernel (AR)
\caption@tempdima=\dimen272
\captionmargin=\dimen273
\caption@leftmargin=\dimen274
\caption@rightmargin=\dimen275
\caption@width=\dimen276
\caption@indent=\dimen277
\caption@parindent=\dimen278
\caption@hangindent=\dimen279
Package caption Info: Standard document class detected.
)
\c@caption@flags=\count321
\c@continuedfloat=\count322
)
(/usr/share/texlive/texmf-dist/tex/latex/emptypage/emptypage.sty
Package: emptypage 2010/05/30 v1.2 Suppress page numbers and headings on empty 
pages
)
(/usr/share/texlive/texmf-dist/tex/latex/tools/array.sty
Package: array 2023/10/16 v2.5g Tabular extension package (FMi)
\col@sep=\dimen280
\ar@mcellbox=\box66
\extrarowheight=\dimen281
\NC@list=\toks39
\extratabsurround=\skip56
\backup@length=\skip57
\ar@cellbox=\box67
)
(/usr/share/texlive/texmf-dist/tex/latex/float/float.sty
Package: float 2001/11/08 v1.3d Float enhancements (AL)
\c@float@type=\count323
\float@exts=\toks40
\float@box=\box68
\@float@everytoks=\toks41
\@floatcapt=\box69
)
(/usr/share/texlive/texmf-dist/tex/latex/multirow/multirow.sty
Package: multirow 2021/03/15 v2.8 Span multiple rows of a table
\multirow@colwidth=\skip58
\multirow@cntb=\count324
\multirow@dima=\skip59
\bigstrutjot=\dimen282
)
(/usr/share/texlive/texmf-dist/tex/latex/setspace/setspace.sty
Package: setspace 2022/12/04 v6.7b set line spacing
)
(/usr/share/texlive/texmf-dist/tex/latex/cite/cite.sty
LaTeX Info: Redefining \cite on input line 302.
LaTeX Info: Redefining \nocite on input line 332.
Package: cite 2015/02/27  v 5.5
)
(/usr/share/texlive/texmf-dist/tex/latex/titlesec/titlesec.sty
Package: titlesec 2023/10/27 v2.16 Sectioning titles
\ttl@box=\box70
\beforetitleunit=\skip60
\aftertitleunit=\skip61
\ttl@plus=\dimen283
\ttl@minus=\dimen284
\ttl@toksa=\toks42
\titlewidth=\dimen285
\titlewidthlast=\dimen286
\titlewidthfirst=\dimen287
)
(/usr/share/texlive/texmf-dist/tex/latex/tocloft/tocloft.sty
Package: tocloft 2017/08/31 v2.3i parameterised ToC, etc., typesetting
Package tocloft Info: The document has chapter divisions on input line 51.
\cftparskip=\skip62
\cftbeforetoctitleskip=\skip63
\cftaftertoctitleskip=\skip64
\cftbeforepartskip=\skip65
\cftpartnumwidth=\skip66
\cftpartindent=\skip67
\cftbeforechapskip=\skip68
\cftchapindent=\skip69
\cftchapnumwidth=\skip70
\cftbeforesecskip=\skip71
\cftsecindent=\skip72
\cftsecnumwidth=\skip73
\cftbeforesubsecskip=\skip74
\cftsubsecindent=\skip75
\cftsubsecnumwidth=\skip76
\cftbeforesubsubsecskip=\skip77
\cftsubsubsecindent=\skip78
\cftsubsubsecnumwidth=\skip79
\cftbeforeparaskip=\skip80
\cftparaindent=\skip81
\cftparanumwidth=\skip82
\cftbeforesubparaskip=\skip83
\cftsubparaindent=\skip84
\cftsubparanumwidth=\skip85
\cftbeforeloftitleskip=\skip86
\cftafterloftitleskip=\skip87
\cftbeforefigskip=\skip88
\cftfigindent=\skip89
\cftfignumwidth=\skip90
\c@lofdepth=\count325
\c@lotdepth=\count326
\cftbeforelottitleskip=\skip91
\cftafterlottitleskip=\skip92
\cftbeforetabskip=\skip93
\cfttabindent=\skip94
\cfttabnumwidth=\skip95
)
(/usr/share/texlive/texmf-dist/tex/latex/amsfonts/amsfonts.sty
Package: amsfonts 2013/01/14 v3.01 Basic AMSFonts support
\symAMSa=\mathgroup6
\symAMSb=\mathgroup7
LaTeX Font Info:    Redeclaring math symbol \hbar on input line 98.
LaTeX Font Info:    Overwriting math alphabet `\mathfrak' in version `bold'
(Font)                  U/euf/m/n --> U/euf/b/n on input line 106.
)
(/usr/share/texlive/texmf-dist/tex/latex/mathtools/mathtools.sty
Package: mathtools 2022/06/29 v1.29 mathematical typesetting tools

(/usr/share/texlive/texmf-dist/tex/latex/tools/calc.sty
Package: calc 2023/07/08 v4.3 Infix arithmetic (KKT,FJ)
\calc@Acount=\count327
\calc@Bcount=\count328
\calc@Adimen=\dimen288
\calc@Bdimen=\dimen289
\calc@Askip=\skip96
\calc@Bskip=\skip97
LaTeX Info: Redefining \setlength on input line 80.
LaTeX Info: Redefining \addtolength on input line 81.
\calc@Ccount=\count329
\calc@Cskip=\skip98
)
(/usr/share/texlive/texmf-dist/tex/latex/mathtools/mhsetup.sty
Package: mhsetup 2021/03/18 v1.4 programming setup (MH)
)
\g_MT_multlinerow_int=\count330
\l_MT_multwidth_dim=\dimen290
\origjot=\skip99
\l_MT_shortvdotswithinadjustabove_dim=\dimen291
\l_MT_shortvdotswithinadjustbelow_dim=\dimen292
\l_MT_above_intertext_sep=\dimen293
\l_MT_below_intertext_sep=\dimen294
\l_MT_above_shortintertext_sep=\dimen295
\l_MT_below_shortintertext_sep=\dimen296
\xmathstrut@box=\box71
\xmathstrut@dim=\dimen297
)
(/usr/share/texlive/texmf-dist/tex/latex/notoccite/notoccite.sty
Package: notoccite 2000/07/20
)
(/usr/share/texlive/texmf-dist/tex/latex/tools/bm.sty
Package: bm 2023/07/08 v1.2f Bold Symbol Support (DPC/FMi)
\symboldoperators=\mathgroup8
\symboldletters=\mathgroup9
\symboldsymbols=\mathgroup10
Package bm Info: No bold for \OMX/cmex/m/n, using \pmb.
Package bm Info: No bold for \U/rsfs/m/n, using \pmb.
\symboldwasy=\mathgroup11
Package bm Info: No bold for \U/msa/m/n, using \pmb.
Package bm Info: No bold for \U/msb/m/n, using \pmb.
LaTeX Font Info:    Redeclaring math alphabet \mathbf on input line 149.
)
(/usr/share/texlive/texmf-dist/tex/latex/chngcntr/chngcntr.sty
Package: chngcntr 2018/04/09 v1.1a change counter resetting
Package chngcntr Info: \counterwithout already defined.
(chngcntr)             Quitting chngcntr on input line 21.
)
(/usr/share/texlive/texmf-dist/tex/latex/graphics/rotating.sty
Package: rotating 2016/08/11 v2.16d rotated objects in LaTeX

(/usr/share/texlive/texmf-dist/tex/latex/base/ifthen.sty
Package: ifthen 2022/04/13 v1.1d Standard LaTeX ifthen package (DPC)
)
\c@r@tfl@t=\count331
\rotFPtop=\skip100
\rotFPbot=\skip101
\rot@float@box=\box72
\rot@mess@toks=\toks43
)
(/usr/share/texlive/texmf-dist/tex/latex/pdflscape/pdflscape.sty
Package: pdflscape 2022-10-27 v0.13 Display of landscape pages in PDF

(/usr/share/texlive/texmf-dist/tex/latex/pdflscape/pdflscape-nometadata.sty
Package: pdflscape-nometadata 2022-10-28 v0.13 Display of landscape pages in PD
F (HO)
Package pdflscape Info: Auto-detected driver: pdftex on input line 81.
))
(/usr/share/texlive/texmf-dist/tex/latex/algorithmicx/algpseudocode.sty
Package: algpseudocode 

(/usr/share/texlive/texmf-dist/tex/latex/algorithmicx/algorithmicx.sty
Package: algorithmicx 2005/04/27 v1.2 Algorithmicx

Document Style algorithmicx 1.2 - a greatly improved `algorithmic' style
\c@ALG@line=\count332
\c@ALG@rem=\count333
\c@ALG@nested=\count334
\ALG@tlm=\skip102
\ALG@thistlm=\skip103
\c@ALG@Lnr=\count335
\c@ALG@blocknr=\count336
\c@ALG@storecount=\count337
\c@ALG@tmpcounter=\count338
\ALG@tmplength=\skip104
)
Document Style - pseudocode environments for use with the `algorithmicx' style
) (/usr/share/texlive/texmf-dist/tex/latex/algorithms/algorithm.sty
Package: algorithm 2009/08/24 v0.1 Document Style `algorithm' - floating enviro
nment
\@float@every@algorithm=\toks44
\c@algorithm=\count339
)
(/usr/share/texlive/texmf-dist/tex/latex/caption/subcaption.sty
Package: subcaption 2023/07/28 v1.6b Sub-captions (AR)
Package caption Info: New subtype `subfigure' on input line 238.
\c@subfigure=\count340
Package caption Info: New subtype `subtable' on input line 238.
\c@subtable=\count341
)
(/usr/share/texlive/texmf-dist/tex/latex/natbib/natbib.sty
Package: natbib 2010/09/13 8.31b (PWD, AO)


Package natbib Warning: The `cite' package should not be used
(natbib)                with natbib. Use option `sort' instead.

\bibhang=\skip105
\bibsep=\skip106
LaTeX Info: Redefining \cite on input line 694.
LaTeX Info: Redefining \citenum on input line 708.
\c@NAT@ctr=\count342
) (/usr/share/texlive/texmf-dist/tex/latex/hyperref/hyperref.sty
Package: hyperref 2024-01-20 v7.01h Hypertext links for LaTeX

(/usr/share/texlive/texmf-dist/tex/generic/kvdefinekeys/kvdefinekeys.sty
Package: kvdefinekeys 2019-12-19 v1.6 Define keys (HO)
)
(/usr/share/texlive/texmf-dist/tex/generic/pdfescape/pdfescape.sty
Package: pdfescape 2019/12/09 v1.15 Implements pdfTeX's escape features (HO)

(/usr/share/texlive/texmf-dist/tex/generic/pdftexcmds/pdftexcmds.sty
Package: pdftexcmds 2020-06-27 v0.33 Utility functions of pdfTeX for LuaTeX (HO
)

(/usr/share/texlive/texmf-dist/tex/generic/infwarerr/infwarerr.sty
Package: infwarerr 2019/12/03 v1.5 Providing info/warning/error messages (HO)
)
Package pdftexcmds Info: \pdf@primitive is available.
Package pdftexcmds Info: \pdf@ifprimitive is available.
Package pdftexcmds Info: \pdfdraftmode found.
))
(/usr/share/texlive/texmf-dist/tex/latex/hycolor/hycolor.sty
Package: hycolor 2020-01-27 v1.10 Color options for hyperref/bookmark (HO)
)
(/usr/share/texlive/texmf-dist/tex/latex/auxhook/auxhook.sty
Package: auxhook 2019-12-17 v1.6 Hooks for auxiliary files (HO)
)
(/usr/share/texlive/texmf-dist/tex/latex/hyperref/nameref.sty
Package: nameref 2023-11-26 v2.56 Cross-referencing by name of section

(/usr/share/texlive/texmf-dist/tex/latex/refcount/refcount.sty
Package: refcount 2019/12/15 v3.6 Data extraction from label references (HO)
)
(/usr/share/texlive/texmf-dist/tex/generic/gettitlestring/gettitlestring.sty
Package: gettitlestring 2019/12/15 v1.6 Cleanup title references (HO)
)
\c@section@level=\count343
)
\@linkdim=\dimen298
\Hy@linkcounter=\count344
\Hy@pagecounter=\count345

(/usr/share/texlive/texmf-dist/tex/latex/hyperref/pd1enc.def
File: pd1enc.def 2024-01-20 v7.01h Hyperref: PDFDocEncoding definition (HO)
Now handling font encoding PD1 ...
... no UTF-8 mapping file for font encoding PD1
)
(/usr/share/texlive/texmf-dist/tex/generic/intcalc/intcalc.sty
Package: intcalc 2019/12/15 v1.3 Expandable calculations with integers (HO)
)
\Hy@SavedSpaceFactor=\count346

(/usr/share/texlive/texmf-dist/tex/latex/hyperref/puenc.def
File: puenc.def 2024-01-20 v7.01h Hyperref: PDF Unicode definition (HO)
Now handling font encoding PU ...
... no UTF-8 mapping file for font encoding PU
)
Package hyperref Info: Option `colorlinks' set `true' on input line 4062.
Package hyperref Info: Hyper figures OFF on input line 4179.
Package hyperref Info: Link nesting OFF on input line 4184.
Package hyperref Info: Hyper index ON on input line 4187.
Package hyperref Info: Plain pages OFF on input line 4194.
Package hyperref Info: Backreferencing OFF on input line 4199.
Package hyperref Info: Implicit mode ON; LaTeX internals redefined.
Package hyperref Info: Bookmarks ON on input line 4446.
\c@Hy@tempcnt=\count347
LaTeX Info: Redefining \url on input line 4784.
\XeTeXLinkMargin=\dimen299

(/usr/share/texlive/texmf-dist/tex/generic/bitset/bitset.sty
Package: bitset 2019/12/09 v1.3 Handle bit-vector datatype (HO)

(/usr/share/texlive/texmf-dist/tex/generic/bigintcalc/bigintcalc.sty
Package: bigintcalc 2019/12/15 v1.5 Expandable calculations on big integers (HO
)
))
\Fld@menulength=\count348
\Field@Width=\dimen300
\Fld@charsize=\dimen301
Package hyperref Info: Hyper figures OFF on input line 6063.
Package hyperref Info: Link nesting OFF on input line 6068.
Package hyperref Info: Hyper index ON on input line 6071.
Package hyperref Info: backreferencing OFF on input line 6078.
Package hyperref Info: Link coloring ON on input line 6081.
Package hyperref Info: Link coloring with OCG OFF on input line 6088.
Package hyperref Info: PDF/A mode OFF on input line 6093.

(/usr/share/texlive/texmf-dist/tex/latex/base/atbegshi-ltx.sty
Package: atbegshi-ltx 2021/01/10 v1.0c Emulation of the original atbegshi
package with kernel methods
)
\Hy@abspage=\count349
\c@Item=\count350
\c@Hfootnote=\count351
)
Package hyperref Info: Driver (autodetected): hpdftex.

(/usr/share/texlive/texmf-dist/tex/latex/hyperref/hpdftex.def
File: hpdftex.def 2024-01-20 v7.01h Hyperref driver for pdfTeX

(/usr/share/texlive/texmf-dist/tex/latex/base/atveryend-ltx.sty
Package: atveryend-ltx 2020/08/19 v1.0a Emulation of the original atveryend pac
kage
with kernel methods
)
\Fld@listcount=\count352
\c@bookmark@seq@number=\count353

(/usr/share/texlive/texmf-dist/tex/latex/rerunfilecheck/rerunfilecheck.sty
Package: rerunfilecheck 2022-07-10 v1.10 Rerun checks for auxiliary files (HO)

(/usr/share/texlive/texmf-dist/tex/generic/uniquecounter/uniquecounter.sty
Package: uniquecounter 2019/12/15 v1.4 Provide unlimited unique counter (HO)
)
Package uniquecounter Info: New unique counter `rerunfilecheck' on input line 2
85.
)
\Hy@SectionHShift=\skip107
)
(/usr/share/texlive/texmf-dist/tex/latex/tensor/tensor.sty
Package: tensor 2023/07/18 v2.2 tensor indices package (PGR)
\tnsr@Sps=\toks45
\tnsr@Sbs=\toks46
\tnsr@Spe=\toks47
\tnsr@Sbe=\toks48
\ncld@Mno=\toks49
)
(/usr/share/texlive/texmf-dist/tex/latex/braket/braket.sty)
(/usr/share/texlive/texmf-dist/tex/latex/base/latexsym.sty
Package: latexsym 1998/08/17 v2.2e Standard LaTeX package (lasy symbols)
\symlasy=\mathgroup12
LaTeX Font Info:    Overwriting symbol font `lasy' in version `bold'
(Font)                  U/lasy/m/n --> U/lasy/b/n on input line 52.
)
(/usr/share/texlive/texmf-dist/tex/latex/xcolor/svgnam.def
File: svgnam.def 2023/11/15 v3.01 Predefined colors according to SVG 1.1 (UK)
)
(/usr/share/texlive/texmf-dist/tex/latex/colortbl/colortbl.sty
Package: colortbl 2022/06/20 v1.0f Color table columns (DPC)
\everycr=\toks50
\minrowclearance=\skip108
\rownum=\count354
)
(/usr/share/texlive/texmf-dist/tex/latex/graphics/epsfig.sty
Package: epsfig 2017/06/25 v1.7b (e)psfig emulation (SPQR)
\epsfxsize=\dimen302
\epsfysize=\dimen303
)
(/usr/share/texlive/texmf-dist/tex/generic/epsf/epsf.sty
This is `epsf.tex' v2.7.4 <14 February 2011>
\epsffilein=\read3
\epsfframemargin=\dimen304
\epsfframethickness=\dimen305
\epsfrsize=\dimen306
\epsftmp=\dimen307
\epsftsize=\dimen308
\epsfxsize=\dimen309
\epsfysize=\dimen310
\pspoints=\dimen311
) (/usr/share/texlive/texmf-dist/tex/latex/tools/dcolumn.sty
Package: dcolumn 2023/07/08 v1.06 decimal alignment package (DPC)
)
(/usr/share/texlive/texmf-dist/tex/latex/amsfonts/amssymb.sty
Package: amssymb 2013/01/14 v3.01 AMS font symbols
)
(/usr/share/texlive/texmf-dist/tex/latex/base/textcomp.sty
Package: textcomp 2020/02/02 v2.0n Standard LaTeX package
)
(/usr/share/texlive/texmf-dist/tex/latex/oberdiek/hypcap.sty
Package: hypcap 2016/05/16 v1.12 Adjusting the anchors of captions (HO)

(/usr/share/texlive/texmf-dist/tex/latex/letltxmacro/letltxmacro.sty
Package: letltxmacro 2019/12/03 v1.6 Let assignment for LaTeX macros (HO)
))
(/usr/share/texlive/texmf-dist/tex/latex/booktabs/booktabs.sty
Package: booktabs 2020/01/12 v1.61803398 Publication quality tables
\heavyrulewidth=\dimen312
\lightrulewidth=\dimen313
\cmidrulewidth=\dimen314
\belowrulesep=\dimen315
\belowbottomsep=\dimen316
\aboverulesep=\dimen317
\abovetopsep=\dimen318
\cmidrulesep=\dimen319
\cmidrulekern=\dimen320
\defaultaddspace=\dimen321
\@cmidla=\count355
\@cmidlb=\count356
\@aboverulesep=\dimen322
\@belowrulesep=\dimen323
\@thisruleclass=\count357
\@lastruleclass=\count358
\@thisrulewidth=\dimen324
)
(/usr/share/texlive/texmf-dist/tex/latex/diagbox/diagbox.sty
Package: diagbox 2020/02/09 v2.3 Making table heads with diagonal lines

(/usr/share/texlive/texmf-dist/tex/latex/pict2e/pict2e.sty
Package: pict2e 2020/09/30 v0.4b Improved picture commands (HjG,RN,JT)

(/usr/share/texlive/texmf-dist/tex/latex/pict2e/pict2e.cfg
File: pict2e.cfg 2016/02/05 v0.1u pict2e configuration for teTeX/TeXLive
)
Package pict2e Info: Driver file: pdftex.def on input line 112.
Package pict2e Info: Driver file for pict2e: p2e-pdftex.def on input line 114.

(/usr/share/texlive/texmf-dist/tex/latex/pict2e/p2e-pdftex.def
File: p2e-pdftex.def 2016/02/05 v0.1u Driver-dependant file (RN,HjG,JT)
)
\pIIe@GRAPH=\toks51
\@arclen=\dimen325
\@arcrad=\dimen326
\pIIe@tempdima=\dimen327
\pIIe@tempdimb=\dimen328
\pIIe@tempdimc=\dimen329
\pIIe@tempdimd=\dimen330
\pIIe@tempdime=\dimen331
\pIIe@tempdimf=\dimen332
)
\diagbox@boxa=\box73
\diagbox@boxb=\box74
\diagbox@boxm=\box75
\diagbox@wd=\dimen333
\diagbox@ht=\dimen334
\diagbox@insepl=\dimen335
\diagbox@insepr=\dimen336
\diagbox@outsepl=\dimen337
\diagbox@outsepr=\dimen338
)
(/usr/share/texlive/texmf-dist/tex/generic/alphalph/alphalph.sty
Package: alphalph 2019/12/09 v2.6 Convert numbers to letters (HO)
)
(/usr/share/texlive/texmf-dist/tex/latex/epstopdf-pkg/epstopdf.sty
Package: epstopdf 2020-01-24 v2.11 Conversion with epstopdf on the fly (HO)

(/usr/share/texlive/texmf-dist/tex/latex/grfext/grfext.sty
Package: grfext 2019/12/03 v1.3 Manage graphics extensions (HO)
)
(/usr/share/texlive/texmf-dist/tex/latex/epstopdf-pkg/epstopdf-base.sty
Package: epstopdf-base 2020-01-24 v2.11 Base part for package epstopdf
Package epstopdf-base Info: Redefining graphics rule for `.eps' on input line 4
85.
Package grfext Info: Graphics extension search list:
(grfext)             [.pdf,.png,.jpg,.mps,.jpeg,.jbig2,.jb2,.PDF,.PNG,.JPG,.JPE
G,.JBIG2,.JB2,.eps]
(grfext)             \AppendGraphicsExtensions on input line 504.

(/usr/share/texlive/texmf-dist/tex/latex/latexconfig/epstopdf-sys.cfg
File: epstopdf-sys.cfg 2010/07/13 v1.3 Configuration of (r)epstopdf for TeX Liv
e
)))
(/usr/share/texlive/texmf-dist/tex/generic/soul/soul.sty
Package: soul 2023-06-14 v3.1 Permit use of UTF-8 characters in soul (HO)

(/usr/share/texlive/texmf-dist/tex/generic/soul/soul-ori.sty
Package: soul-ori 2023-06-14 v3.1 letterspacing/underlining (mf)
\SOUL@word=\toks52
\SOUL@lasttoken=\toks53
\SOUL@syllable=\toks54
\SOUL@cmds=\toks55
\SOUL@buffer=\toks56
\SOUL@token=\toks57
\SOUL@syllgoal=\dimen339
\SOUL@syllwidth=\dimen340
\SOUL@charkern=\dimen341
\SOUL@hyphkern=\dimen342
\SOUL@dimen=\dimen343
\SOUL@dimeni=\dimen344
\SOUL@minus=\count359
\SOUL@comma=\count360
\SOUL@apo=\count361
\SOUL@grave=\count362
\SOUL@spaceskip=\skip109
\SOUL@ttwidth=\dimen345
\SOUL@uldp=\dimen346
\SOUL@ulht=\dimen347
)
(/usr/share/texlive/texmf-dist/tex/generic/etexcmds/etexcmds.sty
Package: etexcmds 2019/12/15 v1.7 Avoid name clashes with e-TeX commands (HO)
))
(/usr/share/texlive/texmf-dist/tex/generic/ulem/ulem.sty
\UL@box=\box76
\UL@hyphenbox=\box77
\UL@skip=\skip110
\UL@hook=\toks58
\UL@height=\dimen348
\UL@pe=\count363
\UL@pixel=\dimen349
\ULC@box=\box78
Package: ulem 2019/11/18
\ULdepth=\dimen350
)
(/usr/share/texlive/texmf-dist/tex/latex/lipsum/lipsum.sty
(/usr/share/texlive/texmf-dist/tex/latex/l3packages/l3keys2e/l3keys2e.sty
(/usr/share/texlive/texmf-dist/tex/latex/l3kernel/expl3.sty
Package: expl3 2024-01-22 L3 programming layer (loader) 

(/usr/share/texlive/texmf-dist/tex/latex/l3backend/l3backend-pdftex.def
File: l3backend-pdftex.def 2024-01-04 L3 backend support: PDF output (pdfTeX)
\l__color_backend_stack_int=\count364
\l__pdf_internal_box=\box79
))
Package: l3keys2e 2023-10-10 LaTeX2e option processing using LaTeX3 keys
)
Package: lipsum 2021-09-20 v2.7 150 paragraphs of Lorem Ipsum dummy text
\g__lipsum_par_int=\count365
\l__lipsum_a_int=\count366
\l__lipsum_b_int=\count367

(/usr/share/texlive/texmf-dist/tex/latex/lipsum/lipsum.ltd.tex))
(/usr/share/texlive/texmf-dist/tex/latex/fncychap/fncychap.sty
Package: fncychap 2007/07/30 v1.34 LaTeX package (Revised chapters)
\RW=\skip111
\mylen=\skip112
\myhi=\skip113
\px=\skip114
\py=\skip115
\pyy=\skip116
\pxx=\skip117
)
Package csquotes Info: Checking for multilingual support...
Package csquotes Info: ... none found.


Package csquotes Warning: No multilingual support.
(csquotes)                Cannot enable multilingual quotes on input line 77.


LaTeX Warning: Unused global option(s):
    [timesnewroman].

(./thesis.aux)
\openout1 = `thesis.aux'.

LaTeX Font Info:    Checking defaults for OML/cmm/m/it on input line 77.
LaTeX Font Info:    ... okay on input line 77.
LaTeX Font Info:    Checking defaults for OMS/cmsy/m/n on input line 77.
LaTeX Font Info:    ... okay on input line 77.
LaTeX Font Info:    Checking defaults for OT1/cmr/m/n on input line 77.
LaTeX Font Info:    ... okay on input line 77.
LaTeX Font Info:    Checking defaults for T1/cmr/m/n on input line 77.
LaTeX Font Info:    ... okay on input line 77.
LaTeX Font Info:    Checking defaults for TS1/cmr/m/n on input line 77.
LaTeX Font Info:    ... okay on input line 77.
LaTeX Font Info:    Checking defaults for OMX/cmex/m/n on input line 77.
LaTeX Font Info:    ... okay on input line 77.
LaTeX Font Info:    Checking defaults for U/cmr/m/n on input line 77.
LaTeX Font Info:    ... okay on input line 77.
LaTeX Font Info:    Checking defaults for PD1/pdf/m/n on input line 77.
LaTeX Font Info:    ... okay on input line 77.
LaTeX Font Info:    Checking defaults for PU/pdf/m/n on input line 77.
LaTeX Font Info:    ... okay on input line 77.

*geometry* driver: auto-detecting
*geometry* detected driver: pdftex
*geometry* verbose mode - [ preamble ] result:
* driver: pdftex
* paper: a4paper
* layout: <same size as paper>
* layoutoffset:(h,v)=(0.0pt,0.0pt)
* modes: twoside 
* h-part:(L,W,R)=(71.70166pt, 418.25368pt, 107.55254pt)
* v-part:(T,H,B)=(101.40665pt, 591.5302pt, 152.11pt)
* \paperwidth=597.50787pt
* \paperheight=845.04684pt
* \textwidth=433.62pt
* \textheight=650.43pt
* \oddsidemargin=36.135pt
* \evensidemargin=36.135pt
* \topmargin=-28.45274pt
* \headheight=12.0pt
* \headsep=36.135pt
* \topskip=12.0pt
* \footskip=30.0pt
* \marginparwidth=40.0pt
* \marginparsep=10.0pt
* \columnsep=10.0pt
* \skip\footins=10.8pt plus 4.0pt minus 2.0pt
* \hoffset=0.0pt
* \voffset=0.0pt
* \mag=1000
* \@twocolumnfalse
* \@twosidetrue
* \@mparswitchtrue
* \@reversemarginfalse
* (1in=72.27pt=25.4mm, 1cm=28.453pt)

(/usr/share/texlive/texmf-dist/tex/context/base/mkii/supp-pdf.mkii
[Loading MPS to PDF converter (version 2006.09.02).]
\scratchcounter=\count368
\scratchdimen=\dimen351
\scratchbox=\box80
\nofMPsegments=\count369
\nofMParguments=\count370
\everyMPshowfont=\toks59
\MPscratchCnt=\count371
\MPscratchDim=\dimen352
\MPnumerator=\count372
\makeMPintoPDFobject=\count373
\everyMPtoPDFconversion=\toks60
)
Package caption Info: Begin \AtBeginDocument code.
Package caption Info: float package is loaded.
Package caption Info: hyperref package is loaded.
Package caption Info: hypcap package is loaded.
Package caption Info: rotating package is loaded.
Package caption Info: End \AtBeginDocument code.
Package hyperref Info: Link coloring ON on input line 77.
 (./thesis.out) (./thesis.out)
\@outlinefile=\write5
\openout5 = `thesis.out'.

 (./titlepage.tex
<hbni_logo.png, id=176, 289.08pt x 271.0125pt>
File: hbni_logo.png Graphic file (type png)
<use hbni_logo.png>
Package pdftex.def Info: hbni_logo.png  used on input line 41.
(pdftex.def)             Requested size: 113.8082pt x 113.81206pt.
) [1

{/var/lib/texmf/fonts/map/pdftex/updmap/pdftex.map} <./hbni_logo.png>]
pdfTeX warning (ext4): destination with the same identifier (name{page.i}) has 
been already used, duplicate ignored
<to be read again> 
                   \relax 
l.82 \blankpage
                [1

] (./recomendation.tex
LaTeX Font Info:    Trying to load font information for U+rsfs on input line 8.


(/usr/share/texlive/texmf-dist/tex/latex/jknapltx/ursfs.fd
File: ursfs.fd 1998/03/24 rsfs font definition file (jk)
)
LaTeX Font Info:    Trying to load font information for U+wasy on input line 8.


(/usr/share/texlive/texmf-dist/tex/latex/wasysym/uwasy.fd
File: uwasy.fd 2020/01/19 v2.4 Wasy-2 symbol font definitions
)
LaTeX Font Info:    Trying to load font information for U+msa on input line 8.

(/usr/share/texlive/texmf-dist/tex/latex/amsfonts/umsa.fd
File: umsa.fd 2013/01/14 v3.01 AMS symbols A
)
LaTeX Font Info:    Trying to load font information for U+msb on input line 8.

(/usr/share/texlive/texmf-dist/tex/latex/amsfonts/umsb.fd
File: umsb.fd 2013/01/14 v3.01 AMS symbols B
)

LaTeX Font Warning: Font shape `U/wasy/b/n' in size <8> not available
(Font)              Font shape `U/wasy/m/n' tried instead on input line 8.


LaTeX Font Warning: Font shape `U/wasy/b/n' in size <6> not available
(Font)              Font shape `U/wasy/m/n' tried instead on input line 8.

LaTeX Font Info:    Trying to load font information for U+lasy on input line 8.

(/usr/share/texlive/texmf-dist/tex/latex/base/ulasy.fd
File: ulasy.fd 1998/08/17 v2.2e LaTeX symbol font definitions
)
Overfull \hbox (11.18059pt too wide) in paragraph at lines 10--10
[]|\OT1/cmr/bx/n/12 Date:07.10.2025| 
 []


Overfull \hbox (11.18059pt too wide) in paragraph at lines 12--12
[]|\OT1/cmr/bx/n/12 Date:07.10.2025| 
 []


Overfull \hbox (11.18059pt too wide) in paragraph at lines 14--14
[]|\OT1/cmr/bx/n/12 Date:07.10.2026| 
 []


Overfull \hbox (11.18059pt too wide) in paragraph at lines 16--16
[]|\OT1/cmr/bx/n/12 Date:07.10.2025| 
 []


Overfull \hbox (11.18059pt too wide) in paragraph at lines 18--18
[]|\OT1/cmr/bx/n/12 Date:07.10.2025| 
 []


Overfull \hbox (11.18059pt too wide) in paragraph at lines 20--20
[]|\OT1/cmr/bx/n/12 Date:07.10.2025| 
 []

[2

]) (./SBA.tex) (./declaration.tex [3] [4]) (./listofpublications.tex

LaTeX Font Warning: Font shape `U/wasy/b/n' in size <7> not available
(Font)              Font shape `U/wasy/m/n' tried instead on input line 3.


Underfull \hbox (badness 10000) in paragraph at lines 35--38

 []


Underfull \hbox (badness 10000) in paragraph at lines 39--42

 []

[5] [6]
Overfull \hbox (2.60117pt too wide) in paragraph at lines 98--101
[]\OT1/cmr/bx/n/12 Poster: []\OT1/cmr/m/it/12 In-flu-ence of Dark Mat-ter on Ne
u-tron Star Cur-va-ture within the Quarky-
 []

) [7]
pdfTeX warning (ext4): destination with the same identifier (name{page.vii}) ha
s been already used, duplicate ignored
<to be read again> 
                   \relax 
l.94 \blankpage
                [7

] (./dedication.tex) [8

]
pdfTeX warning (ext4): destination with the same identifier (name{page.viii}) h
as been already used, duplicate ignored
<to be read again> 
                   \relax 
l.97 \blankpage
                [8

] (./acknowledgment.tex [9

] Excluding 'comment' comment.
[10]) (./thesis.toc [11])
\tf@toc=\write6
\openout6 = `thesis.toc'.

 [12]
pdfTeX warning (ext4): destination with the same identifier (name{page.xii}) ha
s been already used, duplicate ignored
<to be read again> 
                   \relax 
l.104  \blankpage
                  [12

] (./thesis.lof)
\tf@lof=\write7
\openout7 = `thesis.lof'.

 [13

]
pdfTeX warning (ext4): destination with the same identifier (name{page.xiii}) h
as been already used, duplicate ignored
<to be read again> 
                   \relax 
l.116 \blankpage
                 [13

] (./thesis.lot)
\tf@lot=\write8
\openout8 = `thesis.lot'.

 [14

] (./chapters/chapter1.tex
Chapter 1.
[1

] [2] [3{/usr/share/texmf/fonts/enc/dvips/cm-super/cm-super-ts1.enc}])
(./chapters/chapter2.tex
Underfull \vbox (badness 10000) has occurred while \output is active []

 [4]
[5]
Chapter 2.

LaTeX Warning: Reference `sec:2.3' on page 6 undefined on input line 8.


LaTeX Warning: Reference `sec:2.4' on page 6 undefined on input line 8.


LaTeX Warning: Reference `sec:2.4' on page 6 undefined on input line 8.


LaTeX Warning: Reference `sec:2.5' on page 6 undefined on input line 8.


Underfull \hbox (badness 10000) in paragraph at lines 6--9

 []

[6

]

Package natbib Warning: Citation `PhysRevC.55.540' on page 7 undefined on input
 line 12.


Package natbib Warning: Citation `PhysRevC.63.044303' on page 7 undefined on in
put line 12.


Package natbib Warning: Citation `PhysRevC.74.045806' on page 7 undefined on in
put line 12.


Package natbib Warning: Citation `PhysRevC.70.058801' on page 7 undefined on in
put line 12.


Package natbib Warning: Citation `LALAZISSIS200936' on page 7 undefined on inpu
t line 12.


Package natbib Warning: Citation `PhysRevC.82.055803' on page 7 undefined on in
put line 12.


Package natbib Warning: Citation `PhysRevC.82.025203' on page 7 undefined on in
put line 12.


Package natbib Warning: Citation `PhysRevC.84.054309' on page 7 undefined on in
put line 12.


Package natbib Warning: Citation `PhysRevC.85.024302' on page 7 undefined on in
put line 12.


Package natbib Warning: Citation `PhysRevC.97.045806' on page 7 undefined on in
put line 12.


Package natbib Warning: Citation `PhysRevC.102.065805' on page 7 undefined on i
nput line 12.


Package natbib Warning: Citation `E-RMF1' on page 7 undefined on input line 12.



Package natbib Warning: Citation `E-RMF2' on page 7 undefined on input line 12.



Package natbib Warning: Citation `E-RMF3' on page 7 undefined on input line 12.



Package natbib Warning: Citation `E-RMF4' on page 7 undefined on input line 12.



Package natbib Warning: Citation `E-RMF5' on page 7 undefined on input line 12.



Package natbib Warning: Citation `Reinhard_1989' on page 7 undefined on input l
ine 12.


Package natbib Warning: Citation `KUMAR2017197' on page 7 undefined on input li
ne 12.


Package natbib Warning: Citation `PhysRevC.97.045806' on page 7 undefined on in
put line 12.

[7]

Package natbib Warning: Citation `ERMF6' on page 8 undefined on input line 50.


Package natbib Warning: Citation `Serot1992' on page 8 undefined on input line 
50.


Package natbib Warning: Citation `ERMF7' on page 8 undefined on input line 50.


Package natbib Warning: Citation `E-RMF8' on page 8 undefined on input line 50.



Package natbib Warning: Citation `E-RMF9' on page 8 undefined on input line 50.



Package natbib Warning: Citation `E-RMF5' on page 8 undefined on input line 50.



Package natbib Warning: Citation `PhysRevC.97.045806' on page 8 undefined on in
put line 50.


LaTeX Warning: Reference `tab: Lagrangian parameters' on page 8 undefined on in
put line 50.


LaTeX Warning: Reference `tab: saturation_properties' on page 8 undefined on in
put line 50.


Package natbib Warning: Citation `E-RMF5' on page 8 undefined on input line 50.



Underfull \vbox (badness 10000) has occurred while \output is active []

 [8]

Package natbib Warning: Citation `PhysRevLett.122.122701' on page 9 undefined o
n input line 105.

[9]

Package natbib Warning: Citation `PhysRevLett.122.122701' on page 10 undefined 
on input line 107.


Package natbib Warning: Citation `PhysRevD.102.023021' on page 10 undefined on 
input line 107.


Package natbib Warning: Citation `PhysRevD.102.023021' on page 10 undefined on 
input line 107.


Package natbib Warning: Citation `PhysRevD.102.023021' on page 10 undefined on 
input line 124.


Underfull \vbox (badness 10000) has occurred while \output is active []

 [10]
! Missing $ inserted.
<inserted text> 
                $
l.134 	
       
I've inserted a begin-math/end-math symbol since I think
you left one out. Proceed, with fingers crossed.

! Missing } inserted.
<inserted text> 
                }
l.134 	
       
I've inserted something that you may have forgotten.
(See the <inserted text> above.)
With luck, this will get me unwedged. But if you
really didn't forget anything, try typing `2' now; then
my insertion and my current dilemma will both disappear.

! Missing } inserted.
<inserted text> 
                }
l.134 	
       
I've inserted something that you may have forgotten.
(See the <inserted text> above.)
With luck, this will get me unwedged. But if you
really didn't forget anything, try typing `2' now; then
my insertion and my current dilemma will both disappear.

! Missing \cr inserted.
<inserted text> 
                \cr 
l.134 	
       
I'm guessing that you meant to end an alignment here.

! Missing { inserted.
<inserted text> 
                {
l.134 	
       
I've put in what seems to be necessary to fix
the current column of the current alignment.
Try to go on, since this might almost work.

! Missing $ inserted.
<inserted text> 
                $
l.134 	
       
I've inserted a begin-math/end-math symbol since I think
you left one out. Proceed, with fingers crossed.

! Missing $$ inserted.
<to be read again> 
                   \tex_par:D 
l.134 	
       
Displays can use special alignments (like \eqalignno)
only if nothing but the alignment itself is between $$'s.

! Misplaced alignment tab character &.
\reserved@a ->&
               
l.136 \end{eqnarray}
                    
I can't figure out why you would want to use a tab mark
here. If you just want an ampersand, the remedy is
simple: Just type `I\&' now. But if some right brace
up above has ended a previous alignment prematurely,
you're probably due for more error messages, and you
might try typing `S' now just to see what is salvageable.

! Misplaced \cr.
\@@eqncr ...l \@eqnswtrue \global \@eqcnt \z@ \cr 
                                                  
l.136 \end{eqnarray}
                    
I can't figure out why you would want to use a tab mark
or \cr or \span just now. If something like a right brace
up above has ended a previous alignment prematurely,
you're probably due for more error messages, and you
might try typing `S' now just to see what is salvageable.

! Extra }, or forgotten \endgroup.
\LN@endeqnarray ->\@@eqncr \egroup 
                                   \global \advance \c@equation \m@ne $$\@ig...
l.136 \end{eqnarray}
                    
I've deleted a group-closing symbol because it seems to be
spurious, as in `$x}$'. But perhaps the } is legitimate and
you forgot something else, as in `\hbox{$x}'. In such cases
the way to recover is to insert both the forgotten and the
deleted material, e.g., by typing `I$}'.

! Missing $ inserted.
<inserted text> 
                $
l.136 \end{eqnarray}
                    
I've inserted something that you may have forgotten.
(See the <inserted text> above.)
With luck, this will get me unwedged. But if you
really didn't forget anything, try typing `2' now; then
my insertion and my current dilemma will both disappear.

! Display math should end with $$.
<to be read again> 
                   \endgroup 
l.136 \end{eqnarray}
                    
The `$' that I just saw supposedly matches a previous `$$'.
So I shall assume that you typed `$$' both times.


Package natbib Warning: Citation `PhysRevD.102.023021' on page 11 undefined on 
input line 142.


Package amsmath Warning: Foreign command \over;
(amsmath)                \frac or \genfrac should be used instead
(amsmath)                 on input line 155.


Underfull \vbox (badness 10000) has occurred while \output is active []

 [11]

Package natbib Warning: Citation `Glendenning' on page 12 undefined on input li
ne 168.


Package natbib Warning: Citation `PhysRevD.102.023021' on page 12 undefined on 
input line 168.


Underfull \vbox (badness 10000) has occurred while \output is active []

 [12]

Package natbib Warning: Citation `PhysRevD.107.043025' on page 13 undefined on 
input line 199.


Package natbib Warning: Citation `PhysRevD.102.023021' on page 13 undefined on 
input line 199.


Underfull \vbox (badness 10000) has occurred while \output is active []

 [13]

Package natbib Warning: Citation `DM1' on page 14 undefined on input line 220.


Package natbib Warning: Citation `DM2' on page 14 undefined on input line 220.


Package natbib Warning: Citation `DM3' on page 14 undefined on input line 220.


Package natbib Warning: Citation `ankit2024' on page 14 undefined on input line
 220.


Package natbib Warning: Citation `DM5' on page 14 undefined on input line 229.


Package natbib Warning: Citation `PhysRevD.96.083004' on page 14 undefined on i
nput line 230.

[14]

Package natbib Warning: Citation `DM3' on page 15 undefined on input line 232.


Package natbib Warning: Citation `DM1' on page 15 undefined on input line 255.


Package natbib Warning: Citation `DM3' on page 15 undefined on input line 255.


Package natbib Warning: Citation `DM2' on page 15 undefined on input line 255.


Package natbib Warning: Citation `mnras' on page 15 undefined on input line 255
.


Underfull \vbox (badness 10000) has occurred while \output is active []

 [15
pdfTeX warning (ext4): destination with the same identifier (name{equation.2.3.
21}) has been already used, duplicate ignored
<argument> ...shipout:D \box_use:N \l_shipout_box 
                                                  \__shipout_drop_firstpage_...
l.260 \end{eqnarray}
                    ]

Package natbib Warning: Citation `Cline_2013' on page 16 undefined on input lin
e 270.


Package natbib Warning: Citation `Xenon1T_2016' on page 16 undefined on input l
ine 276.


Package natbib Warning: Citation `PandaX_2016' on page 16 undefined on input li
ne 276.


Package natbib Warning: Citation `Meng_2021' on page 16 undefined on input line
 276.


Package natbib Warning: Citation `LUX_2017' on page 16 undefined on input line 
276.


Package natbib Warning: Citation `Djouadi_2012' on page 16 undefined on input l
ine 276.


Package natbib Warning: Citation `DM1' on page 16 undefined on input line 276.


Package natbib Warning: Citation `DM1' on page 16 undefined on input line 278.


Package natbib Warning: Citation `DM2' on page 16 undefined on input line 278.


Package natbib Warning: Citation `DM3' on page 16 undefined on input line 278.


Package natbib Warning: Citation `ankit2024' on page 16 undefined on input line
 278.


Underfull \vbox (badness 10000) has occurred while \output is active []

 [16]
Underfull \vbox (badness 10000) has occurred while \output is active []

 [17]

Package natbib Warning: Citation `PhysRev.55.364' on page 18 undefined on input
 line 330.


Package natbib Warning: Citation `PhysRev.55.374' on page 18 undefined on input
 line 330.


Package natbib Warning: Citation `Shapiro_1983' on page 18 undefined on input l
ine 330.

[18]

! LaTeX Error: Lonely \item--perhaps a missing list environment.

See the LaTeX manual or LaTeX Companion for explanation.
Type  H <return>  for immediate help.
 ...                                              
                                                  
l.352 \item  {
              Tidal deformability $\lambda_{\rm tidal}$ is a key parameter t...

Try typing  <return>  to proceed.
If that doesn't work, type  X <return>  to quit.


Underfull \hbox (badness 10000) detected at line 352
[][]
 []


Package natbib Warning: Citation `Hinderer_2008' on page 19 undefined on input 
line 352.


Package natbib Warning: Citation `Hinderer_2009' on page 19 undefined on input 
line 352.


Package natbib Warning: Citation `ref1_k2' on page 19 undefined on input line 3
52.


Package natbib Warning: Citation `ref2_k2' on page 19 undefined on input line 3
52.


Package natbib Warning: Citation `hartle1967' on page 19 undefined on input lin
e 356.

[19]
! Undefined control sequence.
\enit@enditemize ->\enit@after 
                               \endlist \ifx \enit@series \relax \else \ifnu...
l.362 \end{itemize}
                   
The control sequence at the end of the top line
of your error message was never \def'ed. If you have
misspelled it (e.g., `\hobx'), type `I' and the correct
spelling (e.g., `I\hbox'). Otherwise just continue,
and I'll forget about whatever was undefined.

! Undefined control sequence.
\enit@enditemize ...x \else \ifnum \enit@resuming 
                                                  =\@ne \enit@setresumekeys ...
l.362 \end{itemize}
                   
The control sequence at the end of the top line
of your error message was never \def'ed. If you have
misspelled it (e.g., `\hobx'), type `I' and the correct
spelling (e.g., `I\hbox'). Otherwise just continue,
and I'll forget about whatever was undefined.

! Missing number, treated as zero.
<to be read again> 
                   =
l.362 \end{itemize}
                   
A number should have been here; I inserted `0'.
(If you can't figure out why I needed to see a number,
look up `weird error' in the index to The TeXbook.)

! Undefined control sequence.
\enit@setresumekeys ...xpandafter {\enit@savekeys 
                                                  }\xdef \enit@afterlist {#2...
l.362 \end{itemize}
                   
The control sequence at the end of the top line
of your error message was never \def'ed. If you have
misspelled it (e.g., `\hobx'), type `I' and the correct
spelling (e.g., `I\hbox'). Otherwise just continue,
and I'll forget about whatever was undefined.

! Undefined control sequence.
\enit@setresumekeys ...it@toks }\ifnum \enit@type 
                                                  =\z@ #3\def \enit@noexcs {...
l.362 \end{itemize}
                   
The control sequence at the end of the top line
of your error message was never \def'ed. If you have
misspelled it (e.g., `\hobx'), type `I' and the correct
spelling (e.g., `I\hbox'). Otherwise just continue,
and I'll forget about whatever was undefined.

! Missing number, treated as zero.
<to be read again> 
                   =
l.362 \end{itemize}
                   
A number should have been here; I inserted `0'.
(If you can't figure out why I needed to see a number,
look up `weird error' in the index to The TeXbook.)

! Undefined control sequence.
<argument> enit@resume@series@\enit@series 
                                           
l.362 \end{itemize}
                   
The control sequence at the end of the top line
of your error message was never \def'ed. If you have
misspelled it (e.g., `\hobx'), type `I' and the correct
spelling (e.g., `I\hbox'). Otherwise just continue,
and I'll forget about whatever was undefined.

! Undefined control sequence.
\enit@setresumekeys ...me@#1}{\csname c@\@listctr 
                                                  \endcsname \the \csname c@...
l.362 \end{itemize}
                   
The control sequence at the end of the top line
of your error message was never \def'ed. If you have
misspelled it (e.g., `\hobx'), type `I' and the correct
spelling (e.g., `I\hbox'). Otherwise just continue,
and I'll forget about whatever was undefined.

! Undefined control sequence.
\enit@setresumekeys ...e \the \csname c@\@listctr 
                                                  \endcsname }\fi }
l.362 \end{itemize}
                   
The control sequence at the end of the top line
of your error message was never \def'ed. If you have
misspelled it (e.g., `\hobx'), type `I' and the correct
spelling (e.g., `I\hbox'). Otherwise just continue,
and I'll forget about whatever was undefined.

! You can't use `\relax' after \the.
<recently read> \c@ 
                    
l.362 \end{itemize}
                   
I'm forgetting what you said and using zero instead.

! Undefined control sequence.
\enit@enditemize ...ist \fi \ifnum \enit@resuming 
                                                  =\thr@@ \enit@setresumekey...
l.362 \end{itemize}
                   
The control sequence at the end of the top line
of your error message was never \def'ed. If you have
misspelled it (e.g., `\hobx'), type `I' and the correct
spelling (e.g., `I\hbox'). Otherwise just continue,
and I'll forget about whatever was undefined.

! Missing number, treated as zero.
<to be read again> 
                   =
l.362 \end{itemize}
                   
A number should have been here; I inserted `0'.
(If you can't figure out why I needed to see a number,
look up `weird error' in the index to The TeXbook.)

! Undefined control sequence.
\enit@setresumekeys ...xpandafter {\enit@savekeys 
                                                  }\xdef \enit@afterlist {#2...
l.362 \end{itemize}
                   
The control sequence at the end of the top line
of your error message was never \def'ed. If you have
misspelled it (e.g., `\hobx'), type `I' and the correct
spelling (e.g., `I\hbox'). Otherwise just continue,
and I'll forget about whatever was undefined.

! Undefined control sequence.
\enit@setresumekeys ...it@toks }\ifnum \enit@type 
                                                  =\z@ #3\def \enit@noexcs {...
l.362 \end{itemize}
                   
The control sequence at the end of the top line
of your error message was never \def'ed. If you have
misspelled it (e.g., `\hobx'), type `I' and the correct
spelling (e.g., `I\hbox'). Otherwise just continue,
and I'll forget about whatever was undefined.

! Missing number, treated as zero.
<to be read again> 
                   =
l.362 \end{itemize}
                   
A number should have been here; I inserted `0'.
(If you can't figure out why I needed to see a number,
look up `weird error' in the index to The TeXbook.)

! Undefined control sequence.
\enit@setresumekeys ...me@#1}{\csname c@\@listctr 
                                                  \endcsname \the \csname c@...
l.362 \end{itemize}
                   
The control sequence at the end of the top line
of your error message was never \def'ed. If you have
misspelled it (e.g., `\hobx'), type `I' and the correct
spelling (e.g., `I\hbox'). Otherwise just continue,
and I'll forget about whatever was undefined.

! Undefined control sequence.
\enit@setresumekeys ...e \the \csname c@\@listctr 
                                                  \endcsname }\fi }
l.362 \end{itemize}
                   
The control sequence at the end of the top line
of your error message was never \def'ed. If you have
misspelled it (e.g., `\hobx'), type `I' and the correct
spelling (e.g., `I\hbox'). Otherwise just continue,
and I'll forget about whatever was undefined.

! You can't use `\relax' after \the.
<recently read> \c@ 
                    
l.362 \end{itemize}
                   
I'm forgetting what you said and using zero instead.


! LaTeX Error: \begin{document} ended by \end{itemize}.

See the LaTeX manual or LaTeX Companion for explanation.
Type  H <return>  for immediate help.
 ...                                              
                                                  
l.362 \end{itemize}
                   
Your command was ignored.
Type  I <command> <return>  to replace it with another command,
or  <return>  to continue without it.

! Extra \endgroup.
<recently read> \endgroup 
                          
l.362 \end{itemize}
                   
Things are pretty mixed up, but I think the worst is over.


Package natbib Warning: Citation `Throne_1967' on page 20 undefined on input li
ne 380.


Package natbib Warning: Citation `Lindblom_1983' on page 20 undefined on input 
line 380.


Package natbib Warning: Citation `Lindblom_1983' on page 20 undefined on input 
line 380.


Underfull \vbox (badness 10000) has occurred while \output is active []

 [20]

Package natbib Warning: Citation `Throne_1967' on page 21 undefined on input li
ne 389.


Package natbib Warning: Citation `Lindblom_1983' on page 21 undefined on input 
line 389.


Underfull \vbox (badness 7064) has occurred while \output is active []

 [21]

Package natbib Warning: Citation `Lindblom_1983' on page 22 undefined on input 
line 436.


Package natbib Warning: Citation `detweiler85' on page 22 undefined on input li
ne 436.


Package natbib Warning: Citation `detweiler85' on page 22 undefined on input li
ne 436.


Underfull \vbox (badness 10000) has occurred while \output is active []

 [22]

Package natbib Warning: Citation `tinaki_ur' on page 23 undefined on input line
 456.


Underfull \vbox (badness 10000) has occurred while \output is active []

 [23]

Package natbib Warning: Citation `fackerell71' on page 24 undefined on input li
ne 482.


Package natbib Warning: Citation `zerilli_1970' on page 24 undefined on input l
ine 482.

[24]

Package natbib Warning: Citation `Benhar_2004' on page 25 undefined on input li
ne 498.


Package natbib Warning: Citation `Benhar_2004' on page 25 undefined on input li
ne 509.


Underfull \vbox (badness 10000) has occurred while \output is active []

 [25]

Package natbib Warning: Citation `Kokkotas_living_review' on page 26 undefined 
on input line 512.


Package natbib Warning: Citation `Benhar_2004' on page 26 undefined on input li
ne 512.

[26]
Underfull \vbox (badness 10000) has occurred while \output is active []

 [27]
Underfull \vbox (badness 10000) has occurred while \output is active []

 [28]
[29]) (./chapters/chapter3.tex [30]
Chapter 3.

Package hyperref Warning: Difference (2) between bookmark levels is greater 
(hyperref)                than one, level fixed on input line 6.

) (./chapters/chapter4.tex [31

]
Chapter 4.

Package hyperref Warning: Difference (2) between bookmark levels is greater 
(hyperref)                than one, level fixed on input line 5.

) (./chapters/chapter5.tex [32

]
Chapter 5.

Package hyperref Warning: Difference (2) between bookmark levels is greater 
(hyperref)                than one, level fixed on input line 5.

) (./chapters/chapter6.tex [33

]
Chapter 6.

Package hyperref Warning: Token not allowed in a PDF string (Unicode):
(hyperref)                removing `math shift' on input line 2.


Package hyperref Warning: Token not allowed in a PDF string (Unicode):
(hyperref)                removing `\omega' on input line 2.


Package hyperref Warning: Token not allowed in a PDF string (Unicode):
(hyperref)                removing `math shift' on input line 2.


Package hyperref Warning: Difference (2) between bookmark levels is greater 
(hyperref)                than one, level fixed on input line 5.

) (./chapters/chapter7.tex [34

]
Chapter 7.

Underfull \hbox (badness 10000) in paragraph at lines 5--6

 []

) [35

] [36] (./Appendix.tex [37

]
pdfTeX warning (ext4): destination with the same identifier (name{chapter.2}) h
as been already used, duplicate ignored
<to be read again> 
                   \relax 
l.4 \chapter{Phase Amplitude Method}
                                    
Appendix A.

Package hyperref Warning: Difference (2) between bookmark levels is greater 
(hyperref)                than one, level fixed on input line 7.


Package natbib Warning: Citation `leaver_QNM_techniques_1985' on page 38 undefi
ned on input line 10.


Package natbib Warning: Citation `Kokkotas_living_review' on page 38 undefined 
on input line 10.


Package natbib Warning: Citation `Anderson_inverse_cowling' on page 38 undefine
d on input line 12.


Package natbib Warning: Citation `Fromen' on page 38 undefined on input line 12
.


Package natbib Warning: Citation `Anderson_inverse_cowling' on page 38 undefine
d on input line 13.

[38

]

Package natbib Warning: Citation `Anderson_inverse_cowling' on page 39 undefine
d on input line 25.


Underfull \vbox (badness 10000) has occurred while \output is active []

 [39]

Package natbib Warning: Citation `Anderson_inverse_cowling' on page 40 undefine
d on input line 31.


Package natbib Warning: Citation `Anderson_inverse_cowling' on page 40 undefine
d on input line 31.


Package natbib Warning: Citation `Anderson_inverse_cowling' on page 40 undefine
d on input line 39.


Underfull \vbox (badness 10000) has occurred while \output is active []

 [40])
(./thesis.bbl [41] [42

] [43] [44]
Underfull \hbox (badness 2941) in paragraph at lines 461--468
[]\OT1/cmr/m/n/12 A. Abada \OT1/cmr/m/it/12 et al.\OT1/cmr/m/n/12 , \OT1/cmr/m/
it/12 \  Neu-trino The-ory in the Pre-ci-sion Era,"  \OT1/cmr/m/n/12 (2025),
 []

[45] [46] [47] [48] [49]
Underfull \hbox (badness 3557) in paragraph at lines 1157--1166
\OT1/cmr/m/it/12 Near De-tec-tor Con-cep-tual De-sign Re-port," [][]\OT1/cmr/m/
n/12 In-stru-ments \OT1/cmr/bx/n/12 5\OT1/cmr/m/n/12 , 31 (2021)[][],
 []

[50] [51] [52] [53] [54]
Underfull \hbox (badness 1577) in paragraph at lines 1680--1687
\OT1/cmr/m/n/12 2021) pre-sen-ta-tion avail-able at [][]$\OT1/cmtt/m/n/12 https
 : / / indico . cern . ch / event / 855372 /
 []


Underfull \hbox (badness 10000) in paragraph at lines 1680--1687
\OT1/cmtt/m/n/12 contributions / 4441604 / attachments / 2306169 / 3923421 / Nu
Fact2021 _
 []

[55]

Package hyperref Warning: Suppressing empty link on input line 1784.


Underfull \hbox (badness 2707) in paragraph at lines 1880--1888
[]\OT1/cmr/m/n/12 K. Abe \OT1/cmr/m/it/12 et al. \OT1/cmr/m/n/12 (Super-Kamioka
nde), \OT1/cmr/m/it/12 \  So-lar neu-trino re-sults in Super-
 []

[56]
Underfull \hbox (badness 4108) in paragraph at lines 1995--2003
\OT1/cmr/m/n/12 Chicago, USA, [][]$\OT1/cmtt/m/n/12 https : / / indico . fnal .
 gov / event / 43209 / contributions /
 []

[57]
Underfull \hbox (badness 7832) in paragraph at lines 2030--2036
\OT1/cmr/m/n/12 As-tro-physics, Chicago, USA, [][]$\OT1/cmtt/m/n/12 https : / /
 indico . fnal . gov / event / 43209 /
 []


Underfull \hbox (badness 10000) in paragraph at lines 2030--2036
\OT1/cmtt/m/n/12 contributions / 187830 / attachments / 129636 / 159603 / T2K _
 Neutrino2020 .
 []


Underfull \hbox (badness 3701) in paragraph at lines 2039--2045
[]\OT1/cmr/m/n/12 A. Him-mel (NOvA), \  New Os-cil-la-tion Re-sults from the NO
vA Ex-
 []


Underfull \hbox (badness 5924) in paragraph at lines 2039--2045
\OT1/cmr/m/n/12 per-i-ment,"  (2020), talk given at the XXIX In-ter-na-tional C
on-fer-
 []


Underfull \hbox (badness 4217) in paragraph at lines 2039--2045
\OT1/cmr/m/n/12 ence on Neu-trino Physics and As-tro-physics, Chicago, USA, [][
]$\OT1/cmtt/m/n/12 https :
 []


Underfull \hbox (badness 10000) in paragraph at lines 2039--2045
\OT1/cmtt/m/n/12 / / indico . fnal . gov / event / 43209 / contributions / 1878
40 / attachments /
 []


Underfull \hbox (badness 3375) in paragraph at lines 2048--2057
\OT1/cmr/m/n/12 from Super-Kamiokande,"  (2020), talk given at the XXIX In-ter-
na-
 []


Underfull \hbox (badness 10000) in paragraph at lines 2048--2057
\OT1/cmr/m/n/12 tional Con-fer-ence on Neu-trino Physics and As-tro-physics, Ch
icago,
 []


Underfull \hbox (badness 10000) in paragraph at lines 2048--2057
\OT1/cmr/m/n/12 USA, [][]$\OT1/cmtt/m/n/12 https : / / indico . fnal . gov / ev
ent / 43209 / contributions / 187863 /
 []

[58]
Underfull \hbox (badness 3601) in paragraph at lines 2163--2172
[]\OT1/cmr/m/n/12 R. Mo-ha-p-a-tra and A. Smirnov, \OT1/cmr/m/it/12 \  Neu-trin
o Mass and New Physics,"
 []

[59]
Underfull \hbox (badness 1052) in paragraph at lines 2314--2323
[]\OT1/cmr/m/n/12 E. Ma, \OT1/cmr/m/it/12 \  Tetra-he-dral fam-ily sym-me-try a
nd the neu-trino mix-ing ma-trix,"
 []

[60] [61] [62] [63]
Underfull \hbox (badness 5345) in paragraph at lines 2835--2842
\OT1/cmr/m/n/12 Berlin, Eu-rope, [][]$\OT1/cmtt/m/n/12 https : / / indico . des
y . de / event / 28202 / contributions /
 []


Underfull \hbox (badness 10000) in paragraph at lines 2835--2842
\OT1/cmtt/m/n/12 105921 / attachments / 67350 / 83887 / epshep21 _ gonchar _ ju
no _ oscillation _
 []

[64] [65] [66]
Underfull \hbox (badness 2922) in paragraph at lines 3106--3115
[]\OT1/cmr/m/n/12 R. Pat-ter-son (NOvA), \OT1/cmr/m/it/12 \  The NOvA Ex-per-i-
ment: Sta-tus and Out-look,"
 []


Package hyperref Warning: Suppressing empty link on input line 3208.

[67]

Package hyperref Warning: Suppressing empty link on input line 3272.

[68] [69]
Underfull \hbox (badness 1895) in paragraph at lines 3555--3561
[]\OT1/cmr/m/n/12 D. W. Hogg, \OT1/cmr/m/it/12 \  Dis-tance mea-sures in cos-mo
l-ogy,"  \OT1/cmr/m/n/12 (1999), [][]arXiv:astro-
 []

[70]
Underfull \hbox (badness 2951) in paragraph at lines 3616--3621
[][][]\OT1/cmr/m/it/12 Neutrino Non-Standard In-ter-ac-tions: A Sta-tus Re-port
[][]\OT1/cmr/m/n/12 , Vol. 2 (2019)
 []


Underfull \hbox (badness 1552) in paragraph at lines 3709--3716
\OT1/cmr/m/it/12 si-tive to Flavor-Dependent Long-Range Forces?" [][]\OT1/cmr/m
/n/12 JHEP \OT1/cmr/bx/n/12 04\OT1/cmr/m/n/12 , 023 (2018)[][],
 []

[71] [72]
Underfull \hbox (badness 2134) in paragraph at lines 3920--3927
[]\OT1/cmr/m/n/12 A. Dziewon-ski and D. An-der-son, \OT1/cmr/m/it/12 \  Pre-lim
-i-nary ref-er-ence earth model,"
 []

[73] [74])

Package natbib Warning: There were undefined citations.

[75] (./thesis.aux)
 ***********
LaTeX2e <2023-11-01> patch level 1
L3 programming layer <2024-01-22>
 ***********


LaTeX Warning: There were undefined references.

Package rerunfilecheck Info: File `thesis.out' has not changed.
(rerunfilecheck)             Checksum: FA851634D3BD235083D35957957D5431;7092.
 ) 
Here is how much of TeX's memory you used:
 30410 strings out of 476080
 553552 string characters out of 5792745
 1940975 words of memory out of 5000000
 51204 multiletter control sequences out of 15000+600000
 581075 words of font info for 128 fonts, out of 8000000 for 9000
 59 hyphenation exceptions out of 8191
 84i,13n,93p,2705b,1338s stack positions out of 10000i,1000n,20000p,200000b,200000s
</usr/share/texlive/texmf-dist/fonts/type1/public/amsfonts/cm/cmbx12.pfb></us
r/share/texlive/texmf-dist/fonts/type1/public/amsfonts/cm/cmex10.pfb></usr/shar
e/texlive/texmf-dist/fonts/type1/public/amsfonts/cm/cmmi12.pfb></usr/share/texl
ive/texmf-dist/fonts/type1/public/amsfonts/cm/cmmi6.pfb></usr/share/texlive/tex
mf-dist/fonts/type1/public/amsfonts/cm/cmmi8.pfb></usr/share/texlive/texmf-dist
/fonts/type1/public/amsfonts/cm/cmr12.pfb></usr/share/texlive/texmf-dist/fonts/
type1/public/amsfonts/cm/cmr6.pfb></usr/share/texlive/texmf-dist/fonts/type1/pu
blic/amsfonts/cm/cmr8.pfb></usr/share/texlive/texmf-dist/fonts/type1/public/ams
fonts/cm/cmss17.pfb></usr/share/texlive/texmf-dist/fonts/type1/public/amsfonts/
cm/cmsy10.pfb></usr/share/texlive/texmf-dist/fonts/type1/public/amsfonts/cm/cms
y6.pfb></usr/share/texlive/texmf-dist/fonts/type1/public/amsfonts/cm/cmsy8.pfb>
</usr/share/texlive/texmf-dist/fonts/type1/public/amsfonts/cm/cmti12.pfb></usr/
share/texlive/texmf-dist/fonts/type1/public/amsfonts/cm/cmtt12.pfb></usr/share/
texmf/fonts/type1/public/cm-super/sfrm1200.pfb></usr/share/texmf/fonts/type1/pu
blic/cm-super/sfti1200.pfb>
Output written on thesis.pdf (94 pages, 603761 bytes).
PDF statistics:
 2023 PDF objects out of 2073 (max. 8388607)
 1874 compressed objects within 19 object streams
 561 named destinations out of 1000 (max. 500000)
 362 words of extra memory for PDF output out of 10000 (max. 10000000)

