\BOOKMARK [0][-]{Item.20}{\376\377\000L\000i\000s\000t\000\040\000o\000f\000\040\000F\000i\000g\000u\000r\000e\000s}{}% 1
\BOOKMARK [0][-]{Item.20}{\376\377\000L\000i\000s\000t\000\040\000o\000f\000\040\000T\000a\000b\000l\000e\000s}{}% 2
\BOOKMARK [0][-]{chapter.1}{\376\377\000I\000n\000t\000r\000o\000d\000u\000c\000t\000i\000o\000n}{}% 3
\BOOKMARK [1][-]{section.1.1}{\376\377\000S\000t\000r\000o\000n\000g\000\040\000I\000n\000t\000e\000r\000a\000c\000t\000i\000o\000n}{chapter.1}% 4
\BOOKMARK [1][-]{section.1.2}{\376\377\000N\000u\000c\000l\000e\000u\000s}{chapter.1}% 5
\BOOKMARK [1][-]{section.1.3}{\376\377\000N\000e\000u\000t\000r\000o\000n\000\040\000S\000t\000a\000r}{chapter.1}% 6
\BOOKMARK [1][-]{section.1.4}{\376\377\000C\000o\000n\000v\000e\000n\000t\000i\000o\000n\000s}{chapter.1}% 7
\BOOKMARK [0][-]{chapter.2}{\376\377\000T\000h\000e\000o\000r\000e\000t\000i\000c\000a\000l\000\040\000f\000r\000a\000m\000e\000w\000o\000r\000k}{}% 8
\BOOKMARK [1][-]{section.2.1}{\376\377\000N\000e\000u\000t\000r\000o\000n\000\040\000s\000t\000a\000r\000\040\000M\000a\000t\000t\000e\000r}{chapter.2}% 9
\BOOKMARK [1][-]{section.2.2}{\376\377\000Q\000u\000a\000r\000k\000y\000o\000n\000i\000c\000\040\000S\000t\000a\000r\000\040\000M\000a\000t\000t\000e\000r}{chapter.2}% 10
\BOOKMARK [1][-]{section.2.3}{\376\377\000D\000a\000r\000k\000\040\000M\000a\000t\000t\000e\000r}{chapter.2}% 11
\BOOKMARK [1][-]{section.2.4}{\376\377\000E\000q\000u\000l\000l\000i\000b\000r\000i\000u\000m\000\040\000s\000t\000a\000t\000e\000\040}{chapter.2}% 12
\BOOKMARK [1][-]{section.2.5}{\376\377\000G\000r\000a\000v\000i\000t\000a\000t\000i\000o\000n\000a\000l\000\040\000M\000a\000s\000s\000\040\000a\000n\000d\000\040\000R\000a\000d\000i\000u\000s}{chapter.2}% 13
\BOOKMARK [2][-]{subsection.2.5.1}{\376\377\000T\000i\000d\000a\000l\000\040\000D\000e\000f\000o\000r\000m\000a\000b\000i\000l\000i\000t\000y}{section.2.5}% 14
\BOOKMARK [1][-]{section.2.6}{\376\377\000M\000o\000m\000e\000n\000t\000\040\000O\000f\000\040\000I\000n\000e\000r\000t\000i\000a}{chapter.2}% 15
\BOOKMARK [1][-]{section.2.7}{\376\377\000P\000e\000r\000t\000u\000r\000b\000e\000d\000\040\000s\000t\000a\000t\000e\000\040}{chapter.2}% 16
\BOOKMARK [2][-]{subsection.2.7.1}{\376\377\000I\000n\000t\000e\000r\000i\000o\000r\000\040\000r\000e\000g\000i\000o\000n\000\040\000o\000f\000\040\000t\000h\000e\000\040\000N\000e\000u\000t\000r\000o\000n\000\040\000s\000t\000a\000r}{section.2.7}% 17
\BOOKMARK [1][-]{section.2.8}{\376\377\000f\000-\000m\000o\000d\000e\000\040\000e\000i\000g\000e\000n\000v\000a\000l\000u\000e\000\040\000p\000r\000o\000b\000l\000e\000m}{chapter.2}% 18
\BOOKMARK [1][-]{section.2.9}{\376\377\000w\000-\000m\000o\000d\000e\000\040\000e\000i\000g\000e\000n\000v\000a\000l\000u\000e\000\040\000p\000r\000o\000b\000l\000e\000m}{chapter.2}% 19
\BOOKMARK [2][-]{subsection.2.9.1}{\376\377\000T\000h\000e\000\040\000e\000x\000t\000e\000r\000i\000o\000r\000\040\000r\000e\000g\000i\000o\000n\000\040\000o\000f\000\040\000t\000h\000e\000\040\000N\000S}{section.2.9}% 20
\BOOKMARK [2][-]{subsection.2.9.2}{\376\377\000f\000-\000m\000o\000d\000e\000\040\000e\000i\000g\000e\000n\000v\000a\000l\000u\000e\000\040\000p\000r\000o\000b\000l\000e\000m}{section.2.9}% 21
\BOOKMARK [2][-]{subsection.2.9.3}{\376\377\000w\000-\000m\000o\000d\000e\000\040\000e\000i\000g\000e\000n\000v\000a\000l\000u\000e\000\040\000p\000r\000o\000b\000l\000e\000m}{section.2.9}% 22
\BOOKMARK [0][-]{chapter.3}{\376\377\000D\000a\000r\000k\000\040\000m\000a\000t\000t\000e\000r\000\040\000a\000d\000m\000i\000x\000e\000d\000\040\000q\000u\000a\000r\000k\000y\000o\000n\000i\000c\000\040\000s\000t\000a\000r\000s\000\040}{}% 23
\BOOKMARK [1][-]{subsection.3.0.1}{\376\377\000I\000n\000t\000r\000o\000d\000u\000c\000t\000i\000o\000n}{chapter.3}% 24
\BOOKMARK [2][-]{subsection.3.0.2}{\376\377\000R\000e\000s\000u\000l\000t\000s\000\040\000a\000n\000d\000\040\000D\000i\000s\000c\000u\000s\000s\000i\000o\000n\000s}{subsection.3.0.1}% 25
\BOOKMARK [2][-]{subsection.3.0.3}{\376\377\000C\000o\000n\000c\000l\000u\000s\000i\000o\000n}{subsection.3.0.1}% 26
\BOOKMARK [0][-]{chapter.4}{\376\377\000f\000-\000m\000o\000d\000e\000\040\000O\000s\000c\000i\000l\000l\000a\000t\000i\000o\000n\000\040\000o\000f\000\040\000D\000a\000r\000k\000\040\000M\000a\000t\000t\000e\000r\000\040\000A\000d\000m\000i\000x\000e\000d\000\040\000Q\000u\000a\000r\000k\000y\000o\000n\000i\000c\000\040\000S\000t\000a\000r}{}% 27
\BOOKMARK [1][-]{subsection.4.0.1}{\376\377\000I\000n\000t\000r\000o\000d\000u\000c\000t\000i\000o\000n}{chapter.4}% 28
\BOOKMARK [2][-]{subsection.4.0.2}{\376\377\000R\000e\000s\000u\000l\000t\000s\000\040\000a\000n\000d\000\040\000D\000i\000s\000c\000u\000s\000s\000i\000o\000n\000s}{subsection.4.0.1}% 29
\BOOKMARK [2][-]{subsection.4.0.3}{\376\377\000C\000o\000n\000c\000l\000u\000s\000i\000o\000n}{subsection.4.0.1}% 30
\BOOKMARK [0][-]{chapter.5}{\376\377\000w\000-\000m\000o\000d\000e\000\040\000O\000s\000c\000i\000l\000l\000a\000t\000i\000o\000n\000\040\000o\000f\000\040\000D\000a\000r\000k\000\040\000M\000a\000t\000t\000e\000r\000\040\000A\000d\000m\000i\000x\000e\000d\000\040\000Q\000u\000a\000r\000k\000y\000o\000n\000i\000c\000\040\000S\000t\000a\000r}{}% 31
\BOOKMARK [1][-]{subsection.5.0.1}{\376\377\000I\000n\000t\000r\000o\000d\000u\000c\000t\000i\000o\000n}{chapter.5}% 32
\BOOKMARK [2][-]{subsection.5.0.2}{\376\377\000R\000e\000s\000u\000l\000t\000s\000\040\000a\000n\000d\000\040\000D\000i\000s\000c\000u\000s\000s\000i\000o\000n\000s}{subsection.5.0.1}% 33
\BOOKMARK [2][-]{subsection.5.0.3}{\376\377\000C\000o\000n\000c\000l\000u\000s\000i\000o\000n}{subsection.5.0.1}% 34
\BOOKMARK [0][-]{chapter.6}{\376\377\000U\000n\000i\000v\000e\000r\000s\000a\000l\000i\000t\000y\000\040\000i\000n\000\040\000S\000p\000a\000c\000e\000-\000T\000i\000m\000e\000\040\000\040\000M\000o\000d\000e\000s\000\040\000o\000f\000\040\000Q\000u\000a\000r\000k\000y\000o\000n\000i\000c\000\040\000S\000t\000a\000r\000\040}{}% 35
\BOOKMARK [1][-]{subsection.6.0.1}{\376\377\000I\000n\000t\000r\000o\000d\000u\000c\000t\000i\000o\000n}{chapter.6}% 36
\BOOKMARK [2][-]{subsection.6.0.2}{\376\377\000R\000e\000s\000u\000l\000t\000s\000\040\000a\000n\000d\000\040\000D\000i\000s\000c\000u\000s\000s\000i\000o\000n\000s}{subsection.6.0.1}% 37
\BOOKMARK [2][-]{subsection.6.0.3}{\376\377\000C\000o\000n\000c\000l\000u\000s\000i\000o\000n}{subsection.6.0.1}% 38
\BOOKMARK [0][-]{chapter.7}{\376\377\000S\000u\000m\000m\000a\000r\000y\000\040\000a\000n\000d\000\040\000C\000o\000n\000c\000l\000u\000s\000i\000o\000n\000s}{}% 39
\BOOKMARK [0][-]{chapter.7}{\376\377\000A\000p\000p\000e\000n\000d\000i\000x}{}% 40
\BOOKMARK [0][-]{chapter.2}{\376\377\000P\000h\000a\000s\000e\000\040\000A\000m\000p\000l\000i\000t\000u\000d\000e\000\040\000M\000e\000t\000h\000o\000d}{}% 41
\BOOKMARK [1][-]{subsection.2.0.1}{\376\377\000P\000h\000a\000s\000e\000\040\000a\000m\000p\000l\000i\000t\000u\000d\000e\000\040\000m\000e\000t\000h\000o\000d}{chapter.2}% 42
\BOOKMARK [0][-]{equation.2.6}{\376\377\000R\000E\000F\000E\000R\000E\000N\000C\000E\000S}{}% 43
